mode: set
zeno/internal/slots/auth.go:19.72,22.101 1 1
zeno/internal/slots/auth.go:22.101,31.35 8 1
zeno/internal/slots/auth.go:31.35,33.49 2 1
zeno/internal/slots/auth.go:33.49,35.5 1 1
zeno/internal/slots/auth.go:36.4,36.28 1 1
zeno/internal/slots/auth.go:36.28,38.5 1 1
zeno/internal/slots/auth.go:39.4,39.25 1 1
zeno/internal/slots/auth.go:39.25,41.5 1 0
zeno/internal/slots/auth.go:42.4,42.28 1 1
zeno/internal/slots/auth.go:42.28,44.5 1 1
zeno/internal/slots/auth.go:45.4,45.28 1 1
zeno/internal/slots/auth.go:45.28,47.5 1 0
zeno/internal/slots/auth.go:48.4,48.26 1 1
zeno/internal/slots/auth.go:48.26,50.5 1 0
zeno/internal/slots/auth.go:51.4,51.22 1 1
zeno/internal/slots/auth.go:51.22,53.5 1 1
zeno/internal/slots/auth.go:54.4,54.22 1 1
zeno/internal/slots/auth.go:54.22,56.5 1 0
zeno/internal/slots/auth.go:59.3,59.39 1 1
zeno/internal/slots/auth.go:59.39,61.4 1 0
zeno/internal/slots/auth.go:64.3,66.16 3 1
zeno/internal/slots/auth.go:66.16,68.4 1 0
zeno/internal/slots/auth.go:70.3,87.17 7 1
zeno/internal/slots/auth.go:87.17,90.4 2 1
zeno/internal/slots/auth.go:92.3,95.89 2 1
zeno/internal/slots/auth.go:95.89,98.4 2 0
zeno/internal/slots/auth.go:100.3,111.17 4 1
zeno/internal/slots/auth.go:111.17,113.4 1 0
zeno/internal/slots/auth.go:115.3,116.13 2 1
zeno/internal/slots/auth.go:134.2,134.106 1 1
zeno/internal/slots/auth.go:134.106,139.35 3 0
zeno/internal/slots/auth.go:139.35,140.26 1 0
zeno/internal/slots/auth.go:140.26,142.5 1 0
zeno/internal/slots/auth.go:143.4,143.22 1 0
zeno/internal/slots/auth.go:143.22,145.5 1 0
zeno/internal/slots/auth.go:149.3,150.20 2 0
zeno/internal/slots/auth.go:150.20,152.4 1 0
zeno/internal/slots/auth.go:153.3,158.21 3 0
zeno/internal/slots/auth.go:158.21,162.71 3 0
zeno/internal/slots/auth.go:162.71,164.5 1 0
zeno/internal/slots/auth.go:168.3,168.21 1 0
zeno/internal/slots/auth.go:168.21,170.20 2 0
zeno/internal/slots/auth.go:170.20,178.31 6 0
zeno/internal/slots/auth.go:178.31,183.6 3 0
zeno/internal/slots/auth.go:189.3,191.23 2 0
zeno/internal/slots/auth.go:191.23,193.52 1 0
zeno/internal/slots/auth.go:193.52,195.5 1 0
zeno/internal/slots/auth.go:195.10,195.64 1 0
zeno/internal/slots/auth.go:195.64,197.5 1 0
zeno/internal/slots/auth.go:201.3,202.35 2 0
zeno/internal/slots/auth.go:202.35,203.28 1 0
zeno/internal/slots/auth.go:203.28,205.5 1 0
zeno/internal/slots/auth.go:208.3,208.23 1 0
zeno/internal/slots/auth.go:208.23,209.25 1 0
zeno/internal/slots/auth.go:209.25,211.48 2 0
zeno/internal/slots/auth.go:211.48,214.6 2 0
zeno/internal/slots/auth.go:216.4,216.52 1 0
zeno/internal/slots/auth.go:219.3,220.84 2 0
zeno/internal/slots/auth.go:220.84,222.4 1 0
zeno/internal/slots/auth.go:224.3,224.33 1 0
zeno/internal/slots/auth.go:224.33,225.25 1 0
zeno/internal/slots/auth.go:225.25,227.48 2 0
zeno/internal/slots/auth.go:227.48,230.6 2 0
zeno/internal/slots/auth.go:232.4,232.52 1 0
zeno/internal/slots/auth.go:236.3,236.53 1 0
zeno/internal/slots/auth.go:236.53,241.43 3 0
zeno/internal/slots/auth.go:241.43,243.5 1 0
zeno/internal/slots/auth.go:244.4,244.40 1 0
zeno/internal/slots/auth.go:244.40,246.5 1 0
zeno/internal/slots/auth.go:247.4,247.42 1 0
zeno/internal/slots/auth.go:247.42,249.5 1 0
zeno/internal/slots/auth.go:250.4,250.38 1 0
zeno/internal/slots/auth.go:250.38,252.5 1 0
zeno/internal/slots/auth.go:253.4,253.30 1 0
zeno/internal/slots/auth.go:257.3,257.20 1 0
zeno/internal/slots/auth.go:257.20,258.42 1 0
zeno/internal/slots/auth.go:258.42,259.58 1 0
zeno/internal/slots/auth.go:259.58,261.6 1 0
zeno/internal/slots/auth.go:264.3,264.13 1 0
zeno/internal/slots/auth.go:278.2,278.100 1 1
zeno/internal/slots/auth.go:278.100,282.24 2 1
zeno/internal/slots/auth.go:282.24,284.4 1 0
zeno/internal/slots/auth.go:286.3,286.35 1 1
zeno/internal/slots/auth.go:286.35,287.22 1 1
zeno/internal/slots/auth.go:287.22,289.5 1 1
zeno/internal/slots/auth.go:292.3,292.42 1 1
zeno/internal/slots/auth.go:292.42,295.4 2 1
zeno/internal/slots/auth.go:298.3,299.44 2 0
zeno/internal/slots/auth.go:299.44,301.59 2 0
zeno/internal/slots/auth.go:301.59,303.5 1 0
zeno/internal/slots/auth.go:303.10,303.61 1 0
zeno/internal/slots/auth.go:303.61,305.5 1 0
zeno/internal/slots/auth.go:307.4,307.25 1 0
zeno/internal/slots/auth.go:307.25,311.24 2 0
zeno/internal/slots/auth.go:311.24,313.6 1 0
zeno/internal/slots/auth.go:315.5,315.86 1 0
zeno/internal/slots/auth.go:315.86,317.6 1 0
zeno/internal/slots/auth.go:319.5,319.34 1 0
zeno/internal/slots/auth.go:319.34,320.56 1 0
zeno/internal/slots/auth.go:320.56,323.7 2 0
zeno/internal/slots/auth.go:328.3,329.13 2 0
zeno/internal/slots/auth.go:339.2,339.99 1 1
zeno/internal/slots/auth.go:339.99,345.35 5 1
zeno/internal/slots/auth.go:345.35,346.26 1 1
zeno/internal/slots/auth.go:346.26,348.5 1 1
zeno/internal/slots/auth.go:349.4,349.52 1 1
zeno/internal/slots/auth.go:349.52,351.5 1 0
zeno/internal/slots/auth.go:352.4,352.22 1 1
zeno/internal/slots/auth.go:352.22,354.5 1 1
zeno/internal/slots/auth.go:355.4,355.26 1 1
zeno/internal/slots/auth.go:355.26,357.64 1 1
zeno/internal/slots/auth.go:357.64,358.65 1 1
zeno/internal/slots/auth.go:358.65,360.7 1 1
zeno/internal/slots/auth.go:365.3,365.19 1 1
zeno/internal/slots/auth.go:365.19,367.4 1 0
zeno/internal/slots/auth.go:370.3,376.17 5 1
zeno/internal/slots/auth.go:376.17,378.4 1 0
zeno/internal/slots/auth.go:380.3,381.13 2 1
zeno/internal/slots/auth.go:394.2,394.101 1 1
zeno/internal/slots/auth.go:394.101,399.24 3 1
zeno/internal/slots/auth.go:399.24,401.4 1 0
zeno/internal/slots/auth.go:403.3,403.35 1 1
zeno/internal/slots/auth.go:403.35,405.44 2 1
zeno/internal/slots/auth.go:405.44,407.5 1 1
zeno/internal/slots/auth.go:408.4,408.26 1 1
zeno/internal/slots/auth.go:408.26,410.5 1 1
zeno/internal/slots/auth.go:411.4,411.22 1 1
zeno/internal/slots/auth.go:411.22,413.5 1 1
zeno/internal/slots/auth.go:417.3,417.19 1 1
zeno/internal/slots/auth.go:417.19,419.4 1 0
zeno/internal/slots/auth.go:421.3,421.84 1 1
zeno/internal/slots/auth.go:421.84,423.4 1 1
zeno/internal/slots/auth.go:425.3,425.33 1 1
zeno/internal/slots/auth.go:425.33,427.4 1 0
zeno/internal/slots/auth.go:429.3,429.53 1 1
zeno/internal/slots/auth.go:429.53,431.4 1 1
zeno/internal/slots/auth.go:431.9,433.4 1 0
zeno/internal/slots/auth.go:435.3,435.13 1 1
zeno/internal/slots/auth.go:447.2,447.102 1 1
zeno/internal/slots/auth.go:447.102,454.24 4 0
zeno/internal/slots/auth.go:454.24,456.4 1 0
zeno/internal/slots/auth.go:458.3,458.35 1 0
zeno/internal/slots/auth.go:458.35,460.25 2 0
zeno/internal/slots/auth.go:460.25,462.5 1 0
zeno/internal/slots/auth.go:463.4,463.26 1 0
zeno/internal/slots/auth.go:463.26,465.5 1 0
zeno/internal/slots/auth.go:466.4,466.26 1 0
zeno/internal/slots/auth.go:466.26,468.5 1 0
zeno/internal/slots/auth.go:469.4,469.22 1 0
zeno/internal/slots/auth.go:469.22,471.5 1 0
zeno/internal/slots/auth.go:474.3,474.19 1 0
zeno/internal/slots/auth.go:474.19,476.4 1 0
zeno/internal/slots/auth.go:479.3,479.84 1 0
zeno/internal/slots/auth.go:479.84,481.4 1 0
zeno/internal/slots/auth.go:487.3,487.17 1 0
zeno/internal/slots/auth.go:487.17,491.4 1 0
zeno/internal/slots/auth.go:493.3,493.53 1 0
zeno/internal/slots/auth.go:493.53,499.18 4 0
zeno/internal/slots/auth.go:499.18,501.5 1 0
zeno/internal/slots/auth.go:502.4,502.32 1 0
zeno/internal/slots/auth.go:505.3,505.13 1 0
zeno/internal/slots/blade.go:32.41,33.43 1 1
zeno/internal/slots/blade.go:33.43,35.3 1 1
zeno/internal/slots/blade.go:36.2,36.13 1 1
zeno/internal/slots/blade.go:39.45,43.105 2 1
zeno/internal/slots/blade.go:43.105,45.10 2 1
zeno/internal/slots/blade.go:45.10,47.4 1 0
zeno/internal/slots/blade.go:49.3,52.13 4 1
zeno/internal/slots/blade.go:55.2,55.110 1 1
zeno/internal/slots/blade.go:55.110,57.10 2 1
zeno/internal/slots/blade.go:57.10,59.4 1 0
zeno/internal/slots/blade.go:61.3,65.13 5 1
zeno/internal/slots/blade.go:69.2,69.101 1 1
zeno/internal/slots/blade.go:69.101,71.65 1 1
zeno/internal/slots/blade.go:71.65,73.4 1 1
zeno/internal/slots/blade.go:76.3,76.60 1 1
zeno/internal/slots/blade.go:76.60,79.4 2 0
zeno/internal/slots/blade.go:81.3,82.24 2 1
zeno/internal/slots/blade.go:82.24,84.4 1 1
zeno/internal/slots/blade.go:87.3,87.21 1 1
zeno/internal/slots/blade.go:87.21,88.36 1 0
zeno/internal/slots/blade.go:88.36,89.25 1 0
zeno/internal/slots/blade.go:89.25,91.14 2 0
zeno/internal/slots/blade.go:94.5,95.27 2 0
zeno/internal/slots/blade.go:97.9,99.36 1 1
zeno/internal/slots/blade.go:99.36,103.5 2 1
zeno/internal/slots/blade.go:106.3,106.21 1 1
zeno/internal/slots/blade.go:106.21,108.4 1 0
zeno/internal/slots/blade.go:110.3,114.17 3 1
zeno/internal/slots/blade.go:114.17,116.4 1 0
zeno/internal/slots/blade.go:119.3,119.46 1 1
zeno/internal/slots/blade.go:124.2,124.105 1 1
zeno/internal/slots/blade.go:124.105,128.35 3 1
zeno/internal/slots/blade.go:128.35,129.22 1 1
zeno/internal/slots/blade.go:129.22,131.5 1 1
zeno/internal/slots/blade.go:134.3,134.18 1 1
zeno/internal/slots/blade.go:134.18,137.33 3 1
zeno/internal/slots/blade.go:137.33,139.5 1 1
zeno/internal/slots/blade.go:139.10,141.5 1 0
zeno/internal/slots/blade.go:142.4,143.37 2 1
zeno/internal/slots/blade.go:145.3,145.13 1 1
zeno/internal/slots/blade.go:148.2,148.104 1 1
zeno/internal/slots/blade.go:148.104,152.32 3 1
zeno/internal/slots/blade.go:152.32,154.4 1 0
zeno/internal/slots/blade.go:156.3,157.43 2 1
zeno/internal/slots/blade.go:157.43,158.40 1 1
zeno/internal/slots/blade.go:158.40,159.58 1 1
zeno/internal/slots/blade.go:159.58,161.6 1 0
zeno/internal/slots/blade.go:164.3,164.13 1 1
zeno/internal/slots/blade.go:167.2,167.103 1 1
zeno/internal/slots/blade.go:167.103,169.23 2 1
zeno/internal/slots/blade.go:169.23,171.4 1 0
zeno/internal/slots/blade.go:173.3,177.17 3 1
zeno/internal/slots/blade.go:177.17,179.4 1 0
zeno/internal/slots/blade.go:180.3,180.45 1 1
zeno/internal/slots/blade.go:183.2,183.105 1 1
zeno/internal/slots/blade.go:183.105,186.21 2 1
zeno/internal/slots/blade.go:186.21,188.4 1 0
zeno/internal/slots/blade.go:193.3,209.39 6 1
zeno/internal/slots/blade.go:209.39,210.28 1 1
zeno/internal/slots/blade.go:210.28,220.38 3 1
zeno/internal/slots/blade.go:220.38,222.6 1 1
zeno/internal/slots/blade.go:223.5,223.52 1 1
zeno/internal/slots/blade.go:225.10,225.43 1 1
zeno/internal/slots/blade.go:225.43,228.38 3 1
zeno/internal/slots/blade.go:228.38,230.6 1 1
zeno/internal/slots/blade.go:231.5,231.36 1 1
zeno/internal/slots/blade.go:233.10,239.5 2 1
zeno/internal/slots/blade.go:243.3,244.27 2 1
zeno/internal/slots/blade.go:244.27,246.4 1 1
zeno/internal/slots/blade.go:249.3,250.17 2 1
zeno/internal/slots/blade.go:250.17,252.4 1 0
zeno/internal/slots/blade.go:254.3,254.46 1 1
zeno/internal/slots/blade.go:258.2,258.103 1 1
zeno/internal/slots/blade.go:258.103,260.21 2 1
zeno/internal/slots/blade.go:260.21,262.4 1 0
zeno/internal/slots/blade.go:264.3,269.29 3 1
zeno/internal/slots/blade.go:269.29,271.35 2 1
zeno/internal/slots/blade.go:271.35,273.45 2 1
zeno/internal/slots/blade.go:273.45,275.40 2 1
zeno/internal/slots/blade.go:275.40,278.7 2 0
zeno/internal/slots/blade.go:278.12,280.7 1 1
zeno/internal/slots/blade.go:282.10,282.42 1 0
zeno/internal/slots/blade.go:282.42,284.50 2 0
zeno/internal/slots/blade.go:284.50,286.6 1 0
zeno/internal/slots/blade.go:291.3,292.33 2 1
zeno/internal/slots/blade.go:292.33,294.4 1 1
zeno/internal/slots/blade.go:297.3,298.17 2 1
zeno/internal/slots/blade.go:298.17,300.4 1 0
zeno/internal/slots/blade.go:302.3,302.50 1 1
zeno/internal/slots/blade.go:305.2,305.100 1 1
zeno/internal/slots/blade.go:305.100,308.35 3 1
zeno/internal/slots/blade.go:308.35,309.22 1 1
zeno/internal/slots/blade.go:309.22,311.5 1 1
zeno/internal/slots/blade.go:314.3,314.18 1 1
zeno/internal/slots/blade.go:314.18,317.31 3 1
zeno/internal/slots/blade.go:317.31,319.5 1 1
zeno/internal/slots/blade.go:319.10,321.5 1 0
zeno/internal/slots/blade.go:324.4,325.33 2 1
zeno/internal/slots/blade.go:327.3,327.13 1 1
zeno/internal/slots/blade.go:330.2,330.101 1 1
zeno/internal/slots/blade.go:330.101,334.30 3 1
zeno/internal/slots/blade.go:334.30,336.4 1 0
zeno/internal/slots/blade.go:338.3,339.42 2 1
zeno/internal/slots/blade.go:339.42,340.28 1 1
zeno/internal/slots/blade.go:340.28,343.38 1 1
zeno/internal/slots/blade.go:343.38,344.59 1 1
zeno/internal/slots/blade.go:344.59,346.7 1 0
zeno/internal/slots/blade.go:350.3,350.13 1 1
zeno/internal/slots/blade.go:353.2,353.101 1 1
zeno/internal/slots/blade.go:353.101,355.10 2 1
zeno/internal/slots/blade.go:355.10,357.4 1 0
zeno/internal/slots/blade.go:359.3,361.29 2 1
zeno/internal/slots/blade.go:361.29,363.35 2 1
zeno/internal/slots/blade.go:363.35,364.45 1 1
zeno/internal/slots/blade.go:364.45,367.40 3 1
zeno/internal/slots/blade.go:367.40,370.7 2 1
zeno/internal/slots/blade.go:370.12,371.27 1 1
zeno/internal/slots/blade.go:371.27,373.8 1 1
zeno/internal/slots/blade.go:373.13,375.8 1 1
zeno/internal/slots/blade.go:378.6,378.14 1 1
zeno/internal/slots/blade.go:378.14,380.7 1 1
zeno/internal/slots/blade.go:385.3,385.23 1 1
zeno/internal/slots/blade.go:385.23,388.4 2 1
zeno/internal/slots/blade.go:389.3,389.13 1 1
zeno/internal/slots/blade.go:398.62,400.49 1 1
zeno/internal/slots/blade.go:400.49,404.43 2 1
zeno/internal/slots/blade.go:404.43,406.4 1 0
zeno/internal/slots/blade.go:409.3,410.57 2 1
zeno/internal/slots/blade.go:410.57,412.4 1 1
zeno/internal/slots/blade.go:416.2,416.32 1 1
zeno/internal/slots/blade.go:420.59,422.16 2 1
zeno/internal/slots/blade.go:422.16,424.3 1 0
zeno/internal/slots/blade.go:426.2,427.16 2 1
zeno/internal/slots/blade.go:427.16,429.3 1 0
zeno/internal/slots/blade.go:432.2,440.25 3 1
zeno/internal/slots/blade.go:445.24,446.53 1 1
zeno/internal/slots/blade.go:446.53,449.3 2 1
zeno/internal/slots/blade.go:454.65,476.19 5 1
zeno/internal/slots/blade.go:476.19,479.20 2 1
zeno/internal/slots/blade.go:479.20,482.18 2 1
zeno/internal/slots/blade.go:482.18,484.5 1 1
zeno/internal/slots/blade.go:485.4,485.9 1 1
zeno/internal/slots/blade.go:489.3,490.19 2 1
zeno/internal/slots/blade.go:490.19,493.4 2 1
zeno/internal/slots/blade.go:495.3,498.47 2 1
zeno/internal/slots/blade.go:498.47,501.24 2 0
zeno/internal/slots/blade.go:501.24,503.5 1 0
zeno/internal/slots/blade.go:503.10,505.5 1 0
zeno/internal/slots/blade.go:506.9,506.53 1 1
zeno/internal/slots/blade.go:506.53,509.21 2 1
zeno/internal/slots/blade.go:509.21,520.5 4 1
zeno/internal/slots/blade.go:520.10,523.5 2 0
zeno/internal/slots/blade.go:525.9,525.52 1 1
zeno/internal/slots/blade.go:525.52,528.21 2 1
zeno/internal/slots/blade.go:528.21,533.72 3 1
zeno/internal/slots/blade.go:533.72,543.31 5 1
zeno/internal/slots/blade.go:543.31,545.20 2 1
zeno/internal/slots/blade.go:545.20,546.16 1 0
zeno/internal/slots/blade.go:550.7,550.70 1 1
zeno/internal/slots/blade.go:550.70,554.8 2 1
zeno/internal/slots/blade.go:554.13,557.8 1 1
zeno/internal/slots/blade.go:580.6,583.8 1 1
zeno/internal/slots/blade.go:584.11,589.6 1 1
zeno/internal/slots/blade.go:590.5,590.23 1 1
zeno/internal/slots/blade.go:591.10,594.5 2 0
zeno/internal/slots/blade.go:595.9,595.55 1 1
zeno/internal/slots/blade.go:595.55,612.4 2 1
zeno/internal/slots/blade.go:612.9,612.57 1 1
zeno/internal/slots/blade.go:612.57,617.42 3 1
zeno/internal/slots/blade.go:617.42,625.5 5 1
zeno/internal/slots/blade.go:625.10,627.5 1 0
zeno/internal/slots/blade.go:628.9,628.58 1 1
zeno/internal/slots/blade.go:628.58,633.42 3 1
zeno/internal/slots/blade.go:633.42,645.22 5 1
zeno/internal/slots/blade.go:645.22,649.25 3 1
zeno/internal/slots/blade.go:649.25,651.7 1 1
zeno/internal/slots/blade.go:654.5,655.24 2 1
zeno/internal/slots/blade.go:656.10,658.5 1 0
zeno/internal/slots/blade.go:659.9,659.56 1 1
zeno/internal/slots/blade.go:659.56,663.42 3 1
zeno/internal/slots/blade.go:663.42,666.24 3 1
zeno/internal/slots/blade.go:666.24,672.6 2 1
zeno/internal/slots/blade.go:673.5,673.24 1 1
zeno/internal/slots/blade.go:674.10,676.5 1 0
zeno/internal/slots/blade.go:677.9,677.55 1 1
zeno/internal/slots/blade.go:677.55,680.22 3 1
zeno/internal/slots/blade.go:680.22,682.5 1 0
zeno/internal/slots/blade.go:683.4,687.18 4 1
zeno/internal/slots/blade.go:687.18,689.5 1 0
zeno/internal/slots/blade.go:690.4,690.25 1 1
zeno/internal/slots/blade.go:690.25,692.5 1 1
zeno/internal/slots/blade.go:693.4,693.30 1 1
zeno/internal/slots/blade.go:694.9,694.54 1 1
zeno/internal/slots/blade.go:694.54,697.22 3 1
zeno/internal/slots/blade.go:697.22,699.5 1 0
zeno/internal/slots/blade.go:700.4,704.18 4 1
zeno/internal/slots/blade.go:704.18,706.5 1 0
zeno/internal/slots/blade.go:707.4,707.25 1 1
zeno/internal/slots/blade.go:707.25,709.5 1 1
zeno/internal/slots/blade.go:710.4,710.30 1 1
zeno/internal/slots/blade.go:711.9,711.58 1 1
zeno/internal/slots/blade.go:711.58,715.42 3 1
zeno/internal/slots/blade.go:715.42,721.5 4 1
zeno/internal/slots/blade.go:721.10,723.5 1 0
zeno/internal/slots/blade.go:724.9,724.58 1 1
zeno/internal/slots/blade.go:724.58,729.42 3 1
zeno/internal/slots/blade.go:729.42,736.23 5 1
zeno/internal/slots/blade.go:736.23,738.6 1 1
zeno/internal/slots/blade.go:740.5,743.19 4 1
zeno/internal/slots/blade.go:743.19,745.6 1 0
zeno/internal/slots/blade.go:748.5,757.32 3 1
zeno/internal/slots/blade.go:758.10,760.5 1 0
zeno/internal/slots/blade.go:762.9,762.56 1 1
zeno/internal/slots/blade.go:762.56,767.42 3 1
zeno/internal/slots/blade.go:767.42,773.23 4 1
zeno/internal/slots/blade.go:773.23,775.6 1 1
zeno/internal/slots/blade.go:777.5,780.19 4 1
zeno/internal/slots/blade.go:780.19,782.6 1 0
zeno/internal/slots/blade.go:784.5,792.31 3 1
zeno/internal/slots/blade.go:793.10,795.5 1 0
zeno/internal/slots/blade.go:796.9,796.56 1 1
zeno/internal/slots/blade.go:796.56,801.42 3 1
zeno/internal/slots/blade.go:801.42,807.23 4 1
zeno/internal/slots/blade.go:807.23,809.6 1 1
zeno/internal/slots/blade.go:811.5,814.19 4 1
zeno/internal/slots/blade.go:814.19,816.6 1 0
zeno/internal/slots/blade.go:818.5,826.31 3 1
zeno/internal/slots/blade.go:827.10,829.5 1 0
zeno/internal/slots/blade.go:831.9,831.55 1 1
zeno/internal/slots/blade.go:831.55,839.50 2 1
zeno/internal/slots/blade.go:839.50,842.23 2 0
zeno/internal/slots/blade.go:842.23,844.6 1 0
zeno/internal/slots/blade.go:847.4,848.22 2 1
zeno/internal/slots/blade.go:848.22,850.5 1 1
zeno/internal/slots/blade.go:852.4,855.18 4 1
zeno/internal/slots/blade.go:855.18,857.5 1 0
zeno/internal/slots/blade.go:859.4,866.30 3 1
zeno/internal/slots/blade.go:868.9,868.56 1 1
zeno/internal/slots/blade.go:868.56,871.51 2 1
zeno/internal/slots/blade.go:871.51,873.23 2 0
zeno/internal/slots/blade.go:873.23,875.6 1 0
zeno/internal/slots/blade.go:878.4,879.22 2 1
zeno/internal/slots/blade.go:879.22,881.5 1 1
zeno/internal/slots/blade.go:883.4,886.18 4 1
zeno/internal/slots/blade.go:886.18,888.5 1 0
zeno/internal/slots/blade.go:890.4,897.30 3 1
zeno/internal/slots/blade.go:899.9,899.55 1 1
zeno/internal/slots/blade.go:899.55,904.42 3 1
zeno/internal/slots/blade.go:904.42,916.5 4 1
zeno/internal/slots/blade.go:916.10,918.5 1 0
zeno/internal/slots/blade.go:920.9,920.54 1 1
zeno/internal/slots/blade.go:920.54,922.52 1 1
zeno/internal/slots/blade.go:922.52,926.43 3 1
zeno/internal/slots/blade.go:926.43,929.25 3 1
zeno/internal/slots/blade.go:929.25,934.25 5 1
zeno/internal/slots/blade.go:934.25,936.8 1 1
zeno/internal/slots/blade.go:937.7,940.21 4 1
zeno/internal/slots/blade.go:940.21,942.8 1 0
zeno/internal/slots/blade.go:943.7,946.34 4 1
zeno/internal/slots/blade.go:947.12,949.7 1 0
zeno/internal/slots/blade.go:950.11,952.6 1 0
zeno/internal/slots/blade.go:953.10,953.59 1 1
zeno/internal/slots/blade.go:953.59,957.43 3 1
zeno/internal/slots/blade.go:957.43,962.25 3 1
zeno/internal/slots/blade.go:962.25,964.7 1 0
zeno/internal/slots/blade.go:966.6,972.24 6 1
zeno/internal/slots/blade.go:972.24,974.7 1 1
zeno/internal/slots/blade.go:976.6,985.42 6 1
zeno/internal/slots/blade.go:985.42,986.66 1 1
zeno/internal/slots/blade.go:986.66,987.18 1 1
zeno/internal/slots/blade.go:987.18,989.14 2 1
zeno/internal/slots/blade.go:991.13,991.136 1 1
zeno/internal/slots/blade.go:991.136,993.8 1 0
zeno/internal/slots/blade.go:993.13,993.142 1 1
zeno/internal/slots/blade.go:993.142,995.8 1 0
zeno/internal/slots/blade.go:996.7,996.16 1 1
zeno/internal/slots/blade.go:999.6,1000.24 2 1
zeno/internal/slots/blade.go:1000.24,1003.7 2 1
zeno/internal/slots/blade.go:1003.12,1005.7 1 0
zeno/internal/slots/blade.go:1007.6,1008.20 2 1
zeno/internal/slots/blade.go:1008.20,1010.7 1 0
zeno/internal/slots/blade.go:1012.6,1021.24 2 1
zeno/internal/slots/blade.go:1021.24,1023.21 2 1
zeno/internal/slots/blade.go:1023.21,1025.8 1 0
zeno/internal/slots/blade.go:1026.7,1029.9 1 1
zeno/internal/slots/blade.go:1032.6,1033.33 2 1
zeno/internal/slots/blade.go:1034.11,1036.6 1 0
zeno/internal/slots/blade.go:1037.10,1043.43 3 1
zeno/internal/slots/blade.go:1043.43,1048.24 4 1
zeno/internal/slots/blade.go:1048.24,1050.7 1 1
zeno/internal/slots/blade.go:1052.6,1055.20 4 1
zeno/internal/slots/blade.go:1055.20,1057.7 1 0
zeno/internal/slots/blade.go:1059.6,1067.32 3 1
zeno/internal/slots/blade.go:1068.11,1070.6 1 0
zeno/internal/slots/blade.go:1073.9,1073.57 1 1
zeno/internal/slots/blade.go:1073.57,1078.42 3 1
zeno/internal/slots/blade.go:1078.42,1084.23 4 1
zeno/internal/slots/blade.go:1084.23,1086.6 1 1
zeno/internal/slots/blade.go:1088.5,1091.19 4 1
zeno/internal/slots/blade.go:1091.19,1093.6 1 0
zeno/internal/slots/blade.go:1095.5,1103.32 3 1
zeno/internal/slots/blade.go:1104.10,1106.5 1 0
zeno/internal/slots/blade.go:1107.9,1107.57 1 1
zeno/internal/slots/blade.go:1107.57,1111.42 3 1
zeno/internal/slots/blade.go:1111.42,1116.23 4 1
zeno/internal/slots/blade.go:1116.23,1118.6 1 1
zeno/internal/slots/blade.go:1120.5,1131.29 5 1
zeno/internal/slots/blade.go:1131.29,1133.20 2 1
zeno/internal/slots/blade.go:1133.20,1135.7 1 0
zeno/internal/slots/blade.go:1137.6,1142.65 2 1
zeno/internal/slots/blade.go:1145.5,1146.32 2 1
zeno/internal/slots/blade.go:1147.10,1149.5 1 0
zeno/internal/slots/blade.go:1151.9,1151.56 1 1
zeno/internal/slots/blade.go:1151.56,1152.53 1 1
zeno/internal/slots/blade.go:1152.53,1155.43 3 1
zeno/internal/slots/blade.go:1155.43,1159.6 3 1
zeno/internal/slots/blade.go:1159.11,1162.6 2 0
zeno/internal/slots/blade.go:1163.10,1166.5 2 1
zeno/internal/slots/blade.go:1167.9,1167.59 1 1
zeno/internal/slots/blade.go:1167.59,1168.53 1 1
zeno/internal/slots/blade.go:1168.53,1171.43 3 0
zeno/internal/slots/blade.go:1171.43,1175.6 3 0
zeno/internal/slots/blade.go:1175.11,1178.6 2 0
zeno/internal/slots/blade.go:1179.10,1182.5 2 1
zeno/internal/slots/blade.go:1183.9,1183.57 1 1
zeno/internal/slots/blade.go:1183.57,1186.42 3 0
zeno/internal/slots/blade.go:1186.42,1191.5 4 0
zeno/internal/slots/blade.go:1191.10,1193.5 1 0
zeno/internal/slots/blade.go:1194.9,1194.53 1 1
zeno/internal/slots/blade.go:1194.53,1197.42 3 0
zeno/internal/slots/blade.go:1197.42,1201.5 3 0
zeno/internal/slots/blade.go:1201.10,1203.5 1 0
zeno/internal/slots/blade.go:1204.9,1204.56 1 1
zeno/internal/slots/blade.go:1204.56,1208.42 3 1
zeno/internal/slots/blade.go:1208.42,1213.23 4 1
zeno/internal/slots/blade.go:1213.23,1215.6 1 1
zeno/internal/slots/blade.go:1217.5,1220.19 4 0
zeno/internal/slots/blade.go:1220.19,1222.6 1 0
zeno/internal/slots/blade.go:1224.5,1232.31 3 0
zeno/internal/slots/blade.go:1233.10,1235.5 1 0
zeno/internal/slots/blade.go:1236.9,1236.55 1 1
zeno/internal/slots/blade.go:1236.55,1241.42 3 1
zeno/internal/slots/blade.go:1241.42,1248.23 5 1
zeno/internal/slots/blade.go:1248.23,1250.6 1 1
zeno/internal/slots/blade.go:1252.5,1255.19 4 1
zeno/internal/slots/blade.go:1255.19,1257.6 1 0
zeno/internal/slots/blade.go:1259.5,1268.31 3 1
zeno/internal/slots/blade.go:1269.10,1271.5 1 0
zeno/internal/slots/blade.go:1272.9,1272.56 1 1
zeno/internal/slots/blade.go:1272.56,1277.42 3 1
zeno/internal/slots/blade.go:1277.42,1284.23 5 1
zeno/internal/slots/blade.go:1284.23,1286.6 1 1
zeno/internal/slots/blade.go:1288.5,1291.19 4 1
zeno/internal/slots/blade.go:1291.19,1293.6 1 0
zeno/internal/slots/blade.go:1295.5,1304.31 3 1
zeno/internal/slots/blade.go:1305.10,1307.5 1 0
zeno/internal/slots/blade.go:1308.9,1308.57 1 1
zeno/internal/slots/blade.go:1308.57,1313.42 3 1
zeno/internal/slots/blade.go:1313.42,1320.23 5 1
zeno/internal/slots/blade.go:1320.23,1322.6 1 1
zeno/internal/slots/blade.go:1324.5,1327.23 3 1
zeno/internal/slots/blade.go:1327.23,1329.6 1 1
zeno/internal/slots/blade.go:1331.5,1334.19 4 1
zeno/internal/slots/blade.go:1334.19,1336.6 1 0
zeno/internal/slots/blade.go:1338.5,1346.29 2 1
zeno/internal/slots/blade.go:1346.29,1350.6 1 1
zeno/internal/slots/blade.go:1352.5,1353.32 2 1
zeno/internal/slots/blade.go:1354.10,1356.5 1 0
zeno/internal/slots/blade.go:1357.9,1357.54 1 1
zeno/internal/slots/blade.go:1357.54,1362.42 3 1
zeno/internal/slots/blade.go:1362.42,1370.23 5 1
zeno/internal/slots/blade.go:1370.23,1372.6 1 1
zeno/internal/slots/blade.go:1374.5,1377.23 3 1
zeno/internal/slots/blade.go:1377.23,1379.6 1 1
zeno/internal/slots/blade.go:1381.5,1384.19 4 1
zeno/internal/slots/blade.go:1384.19,1386.6 1 0
zeno/internal/slots/blade.go:1388.5,1397.29 2 1
zeno/internal/slots/blade.go:1397.29,1401.6 1 1
zeno/internal/slots/blade.go:1403.5,1404.31 2 1
zeno/internal/slots/blade.go:1405.10,1407.5 1 0
zeno/internal/slots/blade.go:1408.9,1408.56 1 1
zeno/internal/slots/blade.go:1408.56,1412.42 3 1
zeno/internal/slots/blade.go:1412.42,1422.5 5 1
zeno/internal/slots/blade.go:1422.10,1424.5 1 0
zeno/internal/slots/blade.go:1425.9,1425.56 1 1
zeno/internal/slots/blade.go:1425.56,1429.42 3 1
zeno/internal/slots/blade.go:1429.42,1439.5 5 1
zeno/internal/slots/blade.go:1439.10,1441.5 1 0
zeno/internal/slots/blade.go:1442.9,1442.53 1 1
zeno/internal/slots/blade.go:1442.53,1446.42 3 1
zeno/internal/slots/blade.go:1446.42,1453.23 4 1
zeno/internal/slots/blade.go:1453.23,1455.6 1 1
zeno/internal/slots/blade.go:1457.5,1460.19 4 1
zeno/internal/slots/blade.go:1460.19,1462.6 1 0
zeno/internal/slots/blade.go:1464.5,1466.28 2 1
zeno/internal/slots/blade.go:1466.28,1470.31 3 1
zeno/internal/slots/blade.go:1470.31,1472.7 1 0
zeno/internal/slots/blade.go:1473.6,1476.20 4 1
zeno/internal/slots/blade.go:1476.20,1478.7 1 0
zeno/internal/slots/blade.go:1480.6,1486.31 2 1
zeno/internal/slots/blade.go:1487.11,1490.6 1 1
zeno/internal/slots/blade.go:1492.5,1499.24 2 1
zeno/internal/slots/blade.go:1499.24,1501.6 1 1
zeno/internal/slots/blade.go:1503.5,1503.50 1 1
zeno/internal/slots/blade.go:1504.10,1506.5 1 0
zeno/internal/slots/blade.go:1508.9,1508.53 1 1
zeno/internal/slots/blade.go:1508.53,1519.36 4 1
zeno/internal/slots/blade.go:1519.36,1520.16 1 1
zeno/internal/slots/blade.go:1520.16,1521.24 1 1
zeno/internal/slots/blade.go:1521.24,1523.7 1 1
zeno/internal/slots/blade.go:1524.11,1525.31 1 1
zeno/internal/slots/blade.go:1525.31,1528.7 2 1
zeno/internal/slots/blade.go:1529.6,1529.18 1 1
zeno/internal/slots/blade.go:1529.18,1531.12 2 1
zeno/internal/slots/blade.go:1536.4,1536.20 1 1
zeno/internal/slots/blade.go:1536.20,1540.13 3 0
zeno/internal/slots/blade.go:1543.4,1550.21 4 1
zeno/internal/slots/blade.go:1550.21,1552.5 1 0
zeno/internal/slots/blade.go:1552.10,1554.5 1 1
zeno/internal/slots/blade.go:1555.4,1563.22 6 1
zeno/internal/slots/blade.go:1563.22,1565.5 1 1
zeno/internal/slots/blade.go:1568.4,1571.27 3 1
zeno/internal/slots/blade.go:1571.27,1575.5 1 1
zeno/internal/slots/blade.go:1577.4,1584.26 4 1
zeno/internal/slots/blade.go:1584.26,1586.33 1 1
zeno/internal/slots/blade.go:1586.33,1587.26 1 1
zeno/internal/slots/blade.go:1587.26,1598.7 1 1
zeno/internal/slots/blade.go:1603.4,1603.21 1 1
zeno/internal/slots/blade.go:1603.21,1606.5 2 0
zeno/internal/slots/blade.go:1606.10,1612.23 3 1
zeno/internal/slots/blade.go:1612.23,1614.6 1 1
zeno/internal/slots/blade.go:1616.5,1621.19 4 1
zeno/internal/slots/blade.go:1621.19,1623.6 1 0
zeno/internal/slots/blade.go:1625.5,1625.27 1 1
zeno/internal/slots/blade.go:1625.27,1627.6 1 1
zeno/internal/slots/blade.go:1627.11,1644.42 2 1
zeno/internal/slots/blade.go:1644.42,1645.27 1 1
zeno/internal/slots/blade.go:1645.27,1647.8 1 1
zeno/internal/slots/blade.go:1647.13,1649.8 1 1
zeno/internal/slots/blade.go:1652.6,1652.43 1 1
zeno/internal/slots/blade.go:1652.43,1654.7 1 1
zeno/internal/slots/blade.go:1657.5,1670.26 5 1
zeno/internal/slots/blade.go:1670.26,1672.6 1 1
zeno/internal/slots/blade.go:1672.11,1675.6 1 0
zeno/internal/slots/blade.go:1678.9,1681.4 2 1
zeno/internal/slots/blade.go:1685.2,1685.23 1 1
zeno/internal/slots/blade.go:1685.23,1690.3 1 1
zeno/internal/slots/blade.go:1692.2,1692.18 1 1
zeno/internal/slots/blade.go:1695.35,1698.19 3 1
zeno/internal/slots/blade.go:1698.19,1699.45 1 1
zeno/internal/slots/blade.go:1699.45,1702.4 2 1
zeno/internal/slots/blade.go:1702.9,1702.55 1 1
zeno/internal/slots/blade.go:1702.55,1703.18 1 1
zeno/internal/slots/blade.go:1703.18,1705.5 1 1
zeno/internal/slots/blade.go:1706.4,1707.13 2 1
zeno/internal/slots/blade.go:1708.9,1710.4 1 1
zeno/internal/slots/blade.go:1712.2,1712.11 1 1
zeno/internal/slots/blade.go:1717.40,1721.19 3 1
zeno/internal/slots/blade.go:1721.19,1722.40 1 1
zeno/internal/slots/blade.go:1722.40,1725.4 2 1
zeno/internal/slots/blade.go:1725.9,1725.50 1 1
zeno/internal/slots/blade.go:1725.50,1726.18 1 1
zeno/internal/slots/blade.go:1726.18,1728.5 1 1
zeno/internal/slots/blade.go:1729.4,1730.12 2 1
zeno/internal/slots/blade.go:1731.9,1731.49 1 1
zeno/internal/slots/blade.go:1731.49,1732.18 1 1
zeno/internal/slots/blade.go:1732.18,1734.5 1 1
zeno/internal/slots/blade.go:1735.4,1735.12 1 0
zeno/internal/slots/blade.go:1736.9,1738.4 1 1
zeno/internal/slots/blade.go:1740.2,1740.15 1 1
zeno/internal/slots/blade.go:1743.35,1746.19 3 1
zeno/internal/slots/blade.go:1746.19,1747.45 1 1
zeno/internal/slots/blade.go:1747.45,1750.4 2 1
zeno/internal/slots/blade.go:1750.9,1750.55 1 1
zeno/internal/slots/blade.go:1750.55,1751.18 1 1
zeno/internal/slots/blade.go:1751.18,1753.5 1 1
zeno/internal/slots/blade.go:1754.4,1755.13 2 1
zeno/internal/slots/blade.go:1756.9,1758.4 1 1
zeno/internal/slots/blade.go:1760.2,1760.11 1 1
zeno/internal/slots/blade.go:1763.40,1773.22 4 1
zeno/internal/slots/blade.go:1773.22,1774.27 1 1
zeno/internal/slots/blade.go:1774.27,1776.4 1 1
zeno/internal/slots/blade.go:1777.3,1777.27 1 1
zeno/internal/slots/blade.go:1777.27,1779.4 1 1
zeno/internal/slots/blade.go:1780.3,1780.29 1 1
zeno/internal/slots/blade.go:1780.29,1783.4 2 1
zeno/internal/slots/blade.go:1785.2,1786.13 2 1
zeno/internal/slots/blade.go:1789.44,1792.60 2 1
zeno/internal/slots/blade.go:1792.60,1798.30 4 1
zeno/internal/slots/blade.go:1798.30,1800.23 2 1
zeno/internal/slots/blade.go:1800.23,1806.39 4 1
zeno/internal/slots/blade.go:1806.39,1808.6 1 1
zeno/internal/slots/blade.go:1808.11,1810.6 1 1
zeno/internal/slots/blade.go:1812.5,1813.59 2 1
zeno/internal/slots/blade.go:1814.10,1814.30 1 1
zeno/internal/slots/blade.go:1814.30,1821.5 4 1
zeno/internal/slots/blade.go:1823.3,1823.18 1 1
zeno/internal/slots/blade.go:1827.2,1827.31 1 0
zeno/internal/slots/blade.go:1827.31,1829.3 1 0
zeno/internal/slots/blade.go:1831.2,1831.12 1 0
zeno/internal/slots/blade.go:1834.34,1837.19 3 1
zeno/internal/slots/blade.go:1837.19,1838.44 1 1
zeno/internal/slots/blade.go:1838.44,1841.4 2 1
zeno/internal/slots/blade.go:1841.9,1841.54 1 1
zeno/internal/slots/blade.go:1841.54,1842.18 1 1
zeno/internal/slots/blade.go:1842.18,1844.5 1 1
zeno/internal/slots/blade.go:1845.4,1846.13 2 1
zeno/internal/slots/blade.go:1847.9,1849.4 1 1
zeno/internal/slots/blade.go:1851.2,1851.11 1 1
zeno/internal/slots/blade.go:1860.49,1873.19 8 1
zeno/internal/slots/blade.go:1873.19,1874.47 1 1
zeno/internal/slots/blade.go:1874.47,1877.4 2 0
zeno/internal/slots/blade.go:1877.9,1877.57 1 1
zeno/internal/slots/blade.go:1877.57,1880.4 2 0
zeno/internal/slots/blade.go:1880.9,1880.24 1 1
zeno/internal/slots/blade.go:1880.24,1882.46 1 1
zeno/internal/slots/blade.go:1882.46,1884.27 1 1
zeno/internal/slots/blade.go:1884.27,1890.6 1 1
zeno/internal/slots/blade.go:1893.5,1895.43 3 1
zeno/internal/slots/blade.go:1895.43,1900.14 5 1
zeno/internal/slots/blade.go:1901.11,1903.6 1 0
zeno/internal/slots/blade.go:1904.10,1904.56 1 1
zeno/internal/slots/blade.go:1904.56,1906.27 1 1
zeno/internal/slots/blade.go:1906.27,1912.6 1 1
zeno/internal/slots/blade.go:1913.5,1917.13 5 1
zeno/internal/slots/blade.go:1918.10,1920.5 1 1
zeno/internal/slots/blade.go:1921.9,1923.4 1 0
zeno/internal/slots/blade.go:1927.2,1927.24 1 1
zeno/internal/slots/blade.go:1927.24,1933.3 1 1
zeno/internal/slots/blade.go:1935.2,1935.14 1 1
zeno/internal/slots/blade.go:1938.32,1941.19 3 1
zeno/internal/slots/blade.go:1941.19,1942.42 1 1
zeno/internal/slots/blade.go:1942.42,1945.4 2 1
zeno/internal/slots/blade.go:1945.9,1945.52 1 1
zeno/internal/slots/blade.go:1945.52,1946.18 1 1
zeno/internal/slots/blade.go:1946.18,1948.5 1 1
zeno/internal/slots/blade.go:1949.4,1950.12 2 1
zeno/internal/slots/blade.go:1951.9,1953.4 1 1
zeno/internal/slots/blade.go:1955.2,1955.11 1 1
zeno/internal/slots/blade.go:1958.33,1961.19 3 1
zeno/internal/slots/blade.go:1961.19,1962.43 1 1
zeno/internal/slots/blade.go:1962.43,1965.4 2 1
zeno/internal/slots/blade.go:1965.9,1965.53 1 1
zeno/internal/slots/blade.go:1965.53,1966.18 1 1
zeno/internal/slots/blade.go:1966.18,1968.5 1 1
zeno/internal/slots/blade.go:1969.4,1970.12 2 1
zeno/internal/slots/blade.go:1971.9,1973.4 1 1
zeno/internal/slots/blade.go:1975.2,1975.11 1 1
zeno/internal/slots/blade.go:1978.33,1981.19 3 1
zeno/internal/slots/blade.go:1981.19,1982.43 1 1
zeno/internal/slots/blade.go:1982.43,1985.4 2 1
zeno/internal/slots/blade.go:1985.9,1985.53 1 1
zeno/internal/slots/blade.go:1985.53,1986.18 1 1
zeno/internal/slots/blade.go:1986.18,1988.5 1 1
zeno/internal/slots/blade.go:1989.4,1990.12 2 1
zeno/internal/slots/blade.go:1991.9,1993.4 1 1
zeno/internal/slots/blade.go:1995.2,1995.11 1 1
zeno/internal/slots/blade.go:1998.34,2001.19 3 1
zeno/internal/slots/blade.go:2001.19,2002.44 1 1
zeno/internal/slots/blade.go:2002.44,2005.4 2 1
zeno/internal/slots/blade.go:2005.9,2005.54 1 1
zeno/internal/slots/blade.go:2005.54,2006.18 1 1
zeno/internal/slots/blade.go:2006.18,2008.5 1 1
zeno/internal/slots/blade.go:2009.4,2010.13 2 1
zeno/internal/slots/blade.go:2011.9,2013.4 1 1
zeno/internal/slots/blade.go:2015.2,2015.11 1 1
zeno/internal/slots/blade.go:2018.32,2021.19 3 1
zeno/internal/slots/blade.go:2021.19,2022.42 1 1
zeno/internal/slots/blade.go:2022.42,2025.4 2 1
zeno/internal/slots/blade.go:2025.9,2025.52 1 1
zeno/internal/slots/blade.go:2025.52,2026.18 1 1
zeno/internal/slots/blade.go:2026.18,2028.5 1 1
zeno/internal/slots/blade.go:2029.4,2030.12 2 1
zeno/internal/slots/blade.go:2031.9,2033.4 1 1
zeno/internal/slots/blade.go:2035.2,2035.11 1 1
zeno/internal/slots/blade.go:2038.33,2041.19 3 1
zeno/internal/slots/blade.go:2041.19,2042.43 1 1
zeno/internal/slots/blade.go:2042.43,2045.4 2 1
zeno/internal/slots/blade.go:2045.9,2045.53 1 1
zeno/internal/slots/blade.go:2045.53,2046.18 1 1
zeno/internal/slots/blade.go:2046.18,2048.5 1 1
zeno/internal/slots/blade.go:2049.4,2050.12 2 1
zeno/internal/slots/blade.go:2051.9,2053.4 1 1
zeno/internal/slots/blade.go:2055.2,2055.11 1 1
zeno/internal/slots/blade.go:2058.31,2061.19 3 1
zeno/internal/slots/blade.go:2061.19,2062.41 1 1
zeno/internal/slots/blade.go:2062.41,2063.46 1 1
zeno/internal/slots/blade.go:2063.46,2065.5 1 0
zeno/internal/slots/blade.go:2065.10,2065.49 1 1
zeno/internal/slots/blade.go:2065.49,2068.5 2 1
zeno/internal/slots/blade.go:2069.9,2069.51 1 1
zeno/internal/slots/blade.go:2069.51,2070.49 1 1
zeno/internal/slots/blade.go:2070.49,2072.5 1 0
zeno/internal/slots/blade.go:2072.10,2073.19 1 1
zeno/internal/slots/blade.go:2073.19,2075.6 1 1
zeno/internal/slots/blade.go:2076.5,2077.13 2 1
zeno/internal/slots/blade.go:2079.9,2081.4 1 1
zeno/internal/slots/blade.go:2083.2,2083.11 1 1
zeno/internal/slots/blade.go:2086.48,2091.2 1 1
zeno/internal/slots/blade.go:2093.38,2095.22 2 1
zeno/internal/slots/blade.go:2095.22,2096.15 1 1
zeno/internal/slots/blade.go:2096.15,2098.4 1 1
zeno/internal/slots/blade.go:2099.3,2099.15 1 1
zeno/internal/slots/blade.go:2099.15,2101.18 2 1
zeno/internal/slots/blade.go:2101.18,2103.5 1 1
zeno/internal/slots/blade.go:2106.2,2106.11 1 0
zeno/internal/slots/blade.go:2109.33,2112.19 3 1
zeno/internal/slots/blade.go:2112.19,2113.43 1 1
zeno/internal/slots/blade.go:2113.43,2116.4 2 1
zeno/internal/slots/blade.go:2116.9,2116.53 1 1
zeno/internal/slots/blade.go:2116.53,2117.18 1 1
zeno/internal/slots/blade.go:2117.18,2119.5 1 0
zeno/internal/slots/blade.go:2120.4,2121.12 2 1
zeno/internal/slots/blade.go:2122.9,2124.4 1 1
zeno/internal/slots/blade.go:2126.2,2126.11 1 1
zeno/internal/slots/blade.go:2129.35,2132.19 3 1
zeno/internal/slots/blade.go:2132.19,2133.45 1 1
zeno/internal/slots/blade.go:2133.45,2136.4 2 1
zeno/internal/slots/blade.go:2136.9,2136.55 1 1
zeno/internal/slots/blade.go:2136.55,2137.18 1 1
zeno/internal/slots/blade.go:2137.18,2139.5 1 1
zeno/internal/slots/blade.go:2140.4,2141.13 2 1
zeno/internal/slots/blade.go:2142.9,2144.4 1 1
zeno/internal/slots/blade.go:2146.2,2146.11 1 1
zeno/internal/slots/blade.go:2149.46,2157.19 5 1
zeno/internal/slots/blade.go:2157.19,2160.40 1 1
zeno/internal/slots/blade.go:2160.40,2163.4 2 1
zeno/internal/slots/blade.go:2163.9,2163.49 1 1
zeno/internal/slots/blade.go:2163.49,2164.18 1 1
zeno/internal/slots/blade.go:2164.18,2166.5 1 1
zeno/internal/slots/blade.go:2167.4,2168.23 2 1
zeno/internal/slots/blade.go:2169.9,2171.4 1 1
zeno/internal/slots/blade.go:2173.2,2173.11 1 1
zeno/internal/slots/blade.go:2176.54,2184.12 5 1
zeno/internal/slots/blade.go:2184.12,2186.30 1 1
zeno/internal/slots/blade.go:2186.30,2188.4 1 1
zeno/internal/slots/blade.go:2189.3,2189.13 1 1
zeno/internal/slots/blade.go:2189.13,2190.9 1 0
zeno/internal/slots/blade.go:2194.3,2195.47 2 1
zeno/internal/slots/blade.go:2195.47,2197.4 1 1
zeno/internal/slots/blade.go:2198.3,2202.29 3 1
zeno/internal/slots/blade.go:2202.29,2205.50 2 1
zeno/internal/slots/blade.go:2205.50,2209.34 4 1
zeno/internal/slots/blade.go:2209.34,2211.6 1 1
zeno/internal/slots/blade.go:2212.5,2213.14 2 1
zeno/internal/slots/blade.go:2213.14,2215.6 1 1
zeno/internal/slots/blade.go:2216.10,2219.32 2 0
zeno/internal/slots/blade.go:2219.32,2221.6 1 0
zeno/internal/slots/blade.go:2222.5,2222.26 1 0
zeno/internal/slots/blade.go:2224.9,2227.4 1 0
zeno/internal/slots/blade.go:2230.3,2233.5 1 1
zeno/internal/slots/blade.go:2235.2,2235.14 1 1
zeno/internal/slots/blade.go:2238.33,2241.19 3 1
zeno/internal/slots/blade.go:2241.19,2242.43 1 1
zeno/internal/slots/blade.go:2242.43,2245.4 2 1
zeno/internal/slots/blade.go:2245.9,2245.53 1 1
zeno/internal/slots/blade.go:2245.53,2246.18 1 1
zeno/internal/slots/blade.go:2246.18,2248.5 1 1
zeno/internal/slots/blade.go:2249.4,2250.12 2 1
zeno/internal/slots/blade.go:2251.9,2253.4 1 1
zeno/internal/slots/blade.go:2255.2,2255.11 1 1
zeno/internal/slots/blade.go:2258.31,2261.19 3 1
zeno/internal/slots/blade.go:2261.19,2262.41 1 1
zeno/internal/slots/blade.go:2262.41,2265.4 2 1
zeno/internal/slots/blade.go:2265.9,2265.51 1 1
zeno/internal/slots/blade.go:2265.51,2266.18 1 1
zeno/internal/slots/blade.go:2266.18,2268.5 1 1
zeno/internal/slots/blade.go:2269.4,2270.12 2 1
zeno/internal/slots/blade.go:2271.9,2273.4 1 1
zeno/internal/slots/blade.go:2275.2,2275.11 1 1
zeno/internal/slots/blade.go:2278.34,2281.19 3 1
zeno/internal/slots/blade.go:2281.19,2282.44 1 1
zeno/internal/slots/blade.go:2282.44,2285.4 2 1
zeno/internal/slots/blade.go:2285.9,2285.54 1 1
zeno/internal/slots/blade.go:2285.54,2286.18 1 1
zeno/internal/slots/blade.go:2286.18,2288.5 1 1
zeno/internal/slots/blade.go:2289.4,2290.13 2 1
zeno/internal/slots/blade.go:2291.9,2293.4 1 1
zeno/internal/slots/blade.go:2295.2,2295.11 1 1
zeno/internal/slots/cache.go:13.62,16.100 1 1
zeno/internal/slots/cache.go:16.100,20.3 1 1
zeno/internal/slots/cache.go:29.2,29.100 1 1
zeno/internal/slots/cache.go:29.100,34.35 4 1
zeno/internal/slots/cache.go:34.35,36.22 2 1
zeno/internal/slots/cache.go:36.22,38.5 1 1
zeno/internal/slots/cache.go:39.4,39.27 1 1
zeno/internal/slots/cache.go:39.27,41.5 1 1
zeno/internal/slots/cache.go:45.3,46.13 2 1
zeno/internal/slots/cache.go:56.2,56.103 1 1
zeno/internal/slots/cache.go:56.103,59.3 1 1
zeno/internal/slots/captcha.go:22.59,35.102 1 1
zeno/internal/slots/captcha.go:35.102,39.35 3 1
zeno/internal/slots/captcha.go:39.35,41.18 2 1
zeno/internal/slots/captcha.go:42.14,43.63 1 1
zeno/internal/slots/captcha.go:44.18,45.57 1 1
zeno/internal/slots/captcha.go:45.57,47.6 1 1
zeno/internal/slots/captcha.go:51.3,53.13 3 1
zeno/internal/slots/captcha.go:69.2,69.105 1 1
zeno/internal/slots/captcha.go:69.105,73.35 3 1
zeno/internal/slots/captcha.go:73.35,75.18 2 1
zeno/internal/slots/captcha.go:76.14,77.30 1 1
zeno/internal/slots/captcha.go:78.18,79.34 1 1
zeno/internal/slots/captcha.go:80.14,81.63 1 1
zeno/internal/slots/captcha.go:85.3,85.15 1 1
zeno/internal/slots/captcha.go:85.15,87.4 1 1
zeno/internal/slots/captcha.go:88.3,88.19 1 1
zeno/internal/slots/captcha.go:88.19,90.4 1 0
zeno/internal/slots/captcha.go:92.3,94.13 3 1
zeno/internal/slots/captcha.go:112.2,112.104 1 1
zeno/internal/slots/captcha.go:112.104,117.35 4 1
zeno/internal/slots/captcha.go:117.35,119.18 2 1
zeno/internal/slots/captcha.go:120.14,121.30 1 1
zeno/internal/slots/captcha.go:122.17,123.57 1 0
zeno/internal/slots/captcha.go:123.57,125.6 1 0
zeno/internal/slots/captcha.go:126.18,127.57 1 0
zeno/internal/slots/captcha.go:127.57,129.6 1 0
zeno/internal/slots/captcha.go:133.3,133.15 1 1
zeno/internal/slots/captcha.go:133.15,135.4 1 1
zeno/internal/slots/captcha.go:138.3,139.69 2 1
zeno/internal/slots/captcha.go:139.69,141.4 1 0
zeno/internal/slots/captcha.go:144.3,145.18 2 1
zeno/internal/slots/captcha.go:145.18,151.4 5 0
zeno/internal/slots/captcha.go:154.3,155.13 2 1
zeno/internal/slots/captcha.go:179.2,179.104 1 1
zeno/internal/slots/captcha.go:179.104,182.35 2 1
zeno/internal/slots/captcha.go:182.35,183.26 1 1
zeno/internal/slots/captcha.go:183.26,185.5 1 1
zeno/internal/slots/captcha.go:189.3,189.38 1 1
zeno/internal/slots/captcha.go:189.38,191.4 1 0
zeno/internal/slots/captcha.go:194.3,197.13 3 1
zeno/internal/slots/collections.go:11.50,17.101 1 1
zeno/internal/slots/collections.go:17.101,22.35 3 1
zeno/internal/slots/collections.go:22.35,23.42 1 1
zeno/internal/slots/collections.go:23.42,25.5 1 0
zeno/internal/slots/collections.go:26.4,26.64 1 1
zeno/internal/slots/collections.go:26.64,28.5 1 1
zeno/internal/slots/collections.go:32.3,32.24 1 1
zeno/internal/slots/collections.go:32.24,34.4 1 1
zeno/internal/slots/collections.go:36.3,36.23 1 1
zeno/internal/slots/collections.go:36.23,38.4 1 0
zeno/internal/slots/collections.go:41.3,42.31 2 1
zeno/internal/slots/collections.go:42.31,45.4 1 0
zeno/internal/slots/collections.go:48.3,49.17 2 1
zeno/internal/slots/collections.go:49.17,52.4 1 0
zeno/internal/slots/collections.go:55.3,59.13 3 1
zeno/internal/slots/collections.go:66.2,66.106 1 1
zeno/internal/slots/collections.go:66.106,71.24 4 1
zeno/internal/slots/collections.go:71.24,73.4 1 1
zeno/internal/slots/collections.go:75.3,75.35 1 1
zeno/internal/slots/collections.go:75.35,76.42 1 1
zeno/internal/slots/collections.go:76.42,78.5 1 0
zeno/internal/slots/collections.go:79.4,79.42 1 1
zeno/internal/slots/collections.go:79.42,81.5 1 1
zeno/internal/slots/collections.go:82.4,82.22 1 1
zeno/internal/slots/collections.go:82.22,84.5 1 1
zeno/internal/slots/collections.go:87.3,87.21 1 1
zeno/internal/slots/collections.go:87.21,90.4 2 0
zeno/internal/slots/collections.go:92.3,92.38 1 1
zeno/internal/slots/collections.go:92.38,94.4 1 0
zeno/internal/slots/collections.go:96.3,97.13 2 1
zeno/internal/slots/collections.go:101.2,101.100 1 1
zeno/internal/slots/collections.go:101.100,105.35 3 0
zeno/internal/slots/collections.go:105.35,106.42 1 0
zeno/internal/slots/collections.go:106.42,108.5 1 0
zeno/internal/slots/collections.go:109.4,109.22 1 0
zeno/internal/slots/collections.go:109.22,111.5 1 0
zeno/internal/slots/collections.go:114.3,115.10 2 0
zeno/internal/slots/collections.go:115.10,117.4 1 0
zeno/internal/slots/collections.go:119.3,120.35 2 0
zeno/internal/slots/collections.go:120.35,123.4 2 0
zeno/internal/slots/collections.go:126.3,131.13 5 0
zeno/internal/slots/collections.go:135.2,135.101 1 1
zeno/internal/slots/collections.go:135.101,140.24 4 0
zeno/internal/slots/collections.go:140.24,142.4 1 0
zeno/internal/slots/collections.go:144.3,144.35 1 0
zeno/internal/slots/collections.go:144.35,145.24 1 0
zeno/internal/slots/collections.go:145.24,147.5 1 0
zeno/internal/slots/collections.go:148.4,148.48 1 0
zeno/internal/slots/collections.go:148.48,150.5 1 0
zeno/internal/slots/collections.go:151.4,151.22 1 0
zeno/internal/slots/collections.go:151.22,153.5 1 0
zeno/internal/slots/collections.go:156.3,157.29 2 0
zeno/internal/slots/collections.go:157.29,159.4 1 0
zeno/internal/slots/collections.go:161.3,162.13 2 0
zeno/internal/slots/collections.go:170.2,170.98 1 1
zeno/internal/slots/collections.go:170.98,173.35 2 1
zeno/internal/slots/collections.go:173.35,174.23 1 1
zeno/internal/slots/collections.go:174.23,176.5 1 0
zeno/internal/slots/collections.go:179.3,179.23 1 1
zeno/internal/slots/collections.go:179.23,181.4 1 0
zeno/internal/slots/collections.go:184.3,186.37 3 1
zeno/internal/slots/collections.go:186.37,188.4 1 1
zeno/internal/slots/collections.go:194.3,198.35 4 1
zeno/internal/slots/collections.go:198.35,199.23 1 1
zeno/internal/slots/collections.go:199.23,202.5 2 0
zeno/internal/slots/collections.go:203.4,203.44 1 1
zeno/internal/slots/collections.go:203.44,205.5 1 0
zeno/internal/slots/collections.go:206.4,206.82 1 1
zeno/internal/slots/collections.go:206.82,209.5 1 1
zeno/internal/slots/collections.go:212.3,212.39 1 1
zeno/internal/slots/collections.go:212.39,214.4 1 0
zeno/internal/slots/collections.go:216.3,217.13 2 1
zeno/internal/slots/collections.go:221.2,221.99 1 1
zeno/internal/slots/collections.go:221.99,225.35 3 0
zeno/internal/slots/collections.go:225.35,226.23 1 0
zeno/internal/slots/collections.go:226.23,228.5 1 0
zeno/internal/slots/collections.go:229.4,229.22 1 0
zeno/internal/slots/collections.go:229.22,231.5 1 0
zeno/internal/slots/collections.go:234.3,237.9 3 0
zeno/internal/slots/collections.go:237.9,238.21 1 0
zeno/internal/slots/collections.go:238.21,240.5 1 0
zeno/internal/slots/collections.go:243.3,244.13 2 0
zeno/internal/slots/collections.go:247.2,247.94 1 1
zeno/internal/slots/collections.go:247.94,252.24 3 1
zeno/internal/slots/collections.go:252.24,254.4 1 1
zeno/internal/slots/collections.go:256.3,256.35 1 1
zeno/internal/slots/collections.go:256.35,257.22 1 1
zeno/internal/slots/collections.go:257.22,259.5 1 1
zeno/internal/slots/collections.go:260.4,260.82 1 1
zeno/internal/slots/collections.go:260.82,262.5 1 0
zeno/internal/slots/collections.go:265.3,267.17 2 1
zeno/internal/slots/collections.go:267.17,269.4 1 0
zeno/internal/slots/collections.go:269.9,269.41 1 1
zeno/internal/slots/collections.go:269.41,271.4 1 1
zeno/internal/slots/collections.go:271.9,271.59 1 0
zeno/internal/slots/collections.go:271.59,273.4 1 0
zeno/internal/slots/collections.go:273.9,273.55 1 0
zeno/internal/slots/collections.go:273.55,275.4 1 0
zeno/internal/slots/collections.go:277.3,278.13 2 1
zeno/internal/slots/database.go:13.96,19.23 4 1
zeno/internal/slots/database.go:19.23,21.17 2 1
zeno/internal/slots/database.go:21.17,23.4 1 0
zeno/internal/slots/database.go:24.3,24.31 1 1
zeno/internal/slots/database.go:27.2,27.34 1 1
zeno/internal/slots/database.go:27.34,28.22 1 1
zeno/internal/slots/database.go:28.22,30.4 1 0
zeno/internal/slots/database.go:31.3,31.47 1 1
zeno/internal/slots/database.go:31.47,33.4 1 0
zeno/internal/slots/database.go:34.3,34.22 1 1
zeno/internal/slots/database.go:34.22,37.4 2 0
zeno/internal/slots/database.go:38.3,38.25 1 1
zeno/internal/slots/database.go:38.25,40.52 2 0
zeno/internal/slots/database.go:40.52,42.5 1 0
zeno/internal/slots/database.go:45.3,45.23 1 1
zeno/internal/slots/database.go:45.23,47.27 1 1
zeno/internal/slots/database.go:47.27,48.38 1 1
zeno/internal/slots/database.go:48.38,51.6 2 1
zeno/internal/slots/database.go:55.2,55.33 1 1
zeno/internal/slots/database.go:58.73,61.91 1 1
zeno/internal/slots/database.go:61.91,63.17 2 1
zeno/internal/slots/database.go:63.17,65.4 1 0
zeno/internal/slots/database.go:66.3,68.35 3 1
zeno/internal/slots/database.go:68.35,69.22 1 1
zeno/internal/slots/database.go:69.22,71.5 1 1
zeno/internal/slots/database.go:72.4,72.25 1 1
zeno/internal/slots/database.go:72.25,74.5 1 1
zeno/internal/slots/database.go:77.3,77.18 1 1
zeno/internal/slots/database.go:77.18,79.4 1 0
zeno/internal/slots/database.go:81.3,82.17 2 1
zeno/internal/slots/database.go:82.17,84.4 1 0
zeno/internal/slots/database.go:88.3,91.17 3 1
zeno/internal/slots/database.go:91.17,93.4 1 0
zeno/internal/slots/database.go:94.3,99.19 4 1
zeno/internal/slots/database.go:99.19,102.27 3 1
zeno/internal/slots/database.go:102.27,104.5 1 1
zeno/internal/slots/database.go:106.4,106.55 1 1
zeno/internal/slots/database.go:106.55,108.5 1 0
zeno/internal/slots/database.go:110.4,111.33 2 1
zeno/internal/slots/database.go:111.33,114.11 3 1
zeno/internal/slots/database.go:114.11,116.6 1 0
zeno/internal/slots/database.go:116.11,118.6 1 1
zeno/internal/slots/database.go:120.4,120.32 1 1
zeno/internal/slots/database.go:123.3,123.16 1 1
zeno/internal/slots/database.go:123.16,124.24 1 1
zeno/internal/slots/database.go:124.24,126.5 1 1
zeno/internal/slots/database.go:126.10,128.5 1 0
zeno/internal/slots/database.go:129.9,131.4 1 0
zeno/internal/slots/database.go:132.3,132.13 1 1
zeno/internal/slots/database.go:135.2,152.92 4 1
zeno/internal/slots/database.go:152.92,154.17 2 1
zeno/internal/slots/database.go:154.17,156.4 1 0
zeno/internal/slots/database.go:158.3,158.18 1 1
zeno/internal/slots/database.go:158.18,160.4 1 0
zeno/internal/slots/database.go:162.3,163.17 2 1
zeno/internal/slots/database.go:163.17,165.4 1 0
zeno/internal/slots/database.go:167.3,168.17 2 1
zeno/internal/slots/database.go:168.17,170.4 1 0
zeno/internal/slots/database.go:172.3,178.13 5 1
zeno/internal/slots/database.go:181.2,192.101 2 1
zeno/internal/slots/excel.go:22.45,23.110 1 0
zeno/internal/slots/excel.go:23.110,25.10 2 0
zeno/internal/slots/excel.go:25.10,27.4 1 0
zeno/internal/slots/excel.go:30.3,31.25 2 0
zeno/internal/slots/excel.go:31.25,33.4 1 0
zeno/internal/slots/excel.go:36.3,37.32 2 0
zeno/internal/slots/excel.go:37.32,40.4 2 0
zeno/internal/slots/excel.go:41.3,45.17 3 0
zeno/internal/slots/excel.go:45.17,48.4 2 0
zeno/internal/slots/excel.go:49.3,49.16 1 0
zeno/internal/slots/excel.go:49.16,50.36 1 0
zeno/internal/slots/excel.go:50.36,52.5 1 0
zeno/internal/slots/excel.go:55.3,60.35 4 0
zeno/internal/slots/excel.go:60.35,62.28 1 0
zeno/internal/slots/excel.go:62.28,64.5 1 0
zeno/internal/slots/excel.go:65.4,65.25 1 0
zeno/internal/slots/excel.go:65.25,67.5 1 0
zeno/internal/slots/excel.go:70.4,70.24 1 0
zeno/internal/slots/excel.go:70.24,72.38 2 0
zeno/internal/slots/excel.go:72.38,73.54 1 0
zeno/internal/slots/excel.go:73.54,76.7 2 0
zeno/internal/slots/excel.go:81.4,81.24 1 0
zeno/internal/slots/excel.go:81.24,83.54 2 0
zeno/internal/slots/excel.go:83.54,84.26 1 0
zeno/internal/slots/excel.go:84.26,86.25 1 0
zeno/internal/slots/excel.go:86.25,88.8 1 0
zeno/internal/slots/excel.go:88.13,91.40 1 0
zeno/internal/slots/excel.go:91.40,95.43 2 0
zeno/internal/slots/excel.go:95.43,100.82 4 0
zeno/internal/slots/excel.go:100.82,103.47 2 0
zeno/internal/slots/excel.go:103.47,106.12 2 0
zeno/internal/slots/excel.go:111.9,112.80 1 0
zeno/internal/slots/excel.go:112.80,115.10 2 0
zeno/internal/slots/excel.go:119.9,120.77 1 0
zeno/internal/slots/excel.go:120.77,124.24 3 0
zeno/internal/slots/excel.go:124.24,127.11 2 0
zeno/internal/slots/excel.go:127.16,129.11 1 0
zeno/internal/slots/excel.go:130.15,132.10 1 0
zeno/internal/slots/excel.go:136.8,137.69 2 0
zeno/internal/slots/excel.go:143.4,143.28 1 0
zeno/internal/slots/excel.go:143.28,145.50 2 0
zeno/internal/slots/excel.go:145.50,146.26 1 0
zeno/internal/slots/excel.go:146.26,148.25 2 0
zeno/internal/slots/excel.go:148.25,149.70 1 0
zeno/internal/slots/excel.go:149.70,151.9 1 0
zeno/internal/slots/excel.go:158.4,158.26 1 0
zeno/internal/slots/excel.go:158.26,161.50 2 0
zeno/internal/slots/excel.go:161.50,162.26 1 0
zeno/internal/slots/excel.go:162.26,164.35 2 0
zeno/internal/slots/excel.go:164.35,167.8 2 0
zeno/internal/slots/excel.go:169.7,169.25 1 0
zeno/internal/slots/excel.go:169.25,175.22 2 0
zeno/internal/slots/excel.go:175.22,177.9 1 0
zeno/internal/slots/excel.go:185.3,185.26 1 0
zeno/internal/slots/excel.go:185.26,186.67 1 0
zeno/internal/slots/excel.go:186.67,189.5 2 0
zeno/internal/slots/excel.go:193.3,199.36 6 0
zeno/internal/slots/excel.go:199.36,202.4 2 0
zeno/internal/slots/excel.go:203.3,205.13 2 0
zeno/internal/slots/excel.go:216.33,219.2 2 0
zeno/internal/slots/excel.go:225.88,227.16 2 0
zeno/internal/slots/excel.go:227.16,229.3 1 0
zeno/internal/slots/excel.go:231.2,244.30 4 0
zeno/internal/slots/excel.go:244.30,245.36 1 0
zeno/internal/slots/excel.go:245.36,247.24 2 0
zeno/internal/slots/excel.go:247.24,254.5 1 0
zeno/internal/slots/excel.go:262.2,262.42 1 0
zeno/internal/slots/excel.go:262.42,264.3 1 0
zeno/internal/slots/excel.go:269.2,269.28 1 0
zeno/internal/slots/excel.go:269.28,274.48 2 0
zeno/internal/slots/excel.go:274.49,277.4 0 0
zeno/internal/slots/excel.go:277.9,281.4 2 0
zeno/internal/slots/excel.go:289.2,290.28 2 0
zeno/internal/slots/excel.go:290.28,292.3 1 0
zeno/internal/slots/excel.go:295.2,296.28 2 0
zeno/internal/slots/excel.go:296.28,298.3 1 0
zeno/internal/slots/excel.go:299.2,301.35 2 0
zeno/internal/slots/excel.go:301.35,308.24 4 0
zeno/internal/slots/excel.go:308.24,310.71 2 0
zeno/internal/slots/excel.go:310.71,311.43 1 0
zeno/internal/slots/excel.go:311.44,313.6 0 0
zeno/internal/slots/excel.go:314.5,315.21 2 0
zeno/internal/slots/excel.go:319.3,319.16 1 0
zeno/internal/slots/excel.go:319.16,323.23 2 0
zeno/internal/slots/excel.go:323.23,325.68 1 0
zeno/internal/slots/excel.go:325.68,327.6 1 0
zeno/internal/slots/excel.go:332.4,332.25 1 0
zeno/internal/slots/excel.go:332.25,335.19 3 0
zeno/internal/slots/excel.go:335.19,339.14 3 0
zeno/internal/slots/excel.go:343.5,343.34 1 0
zeno/internal/slots/excel.go:343.34,344.25 1 0
zeno/internal/slots/excel.go:344.25,345.12 1 0
zeno/internal/slots/excel.go:348.6,349.47 2 0
zeno/internal/slots/excel.go:353.9,355.25 1 0
zeno/internal/slots/excel.go:355.25,362.5 5 0
zeno/internal/slots/excel.go:366.2,366.12 1 0
zeno/internal/slots/excel.go:370.74,374.29 3 1
zeno/internal/slots/excel.go:374.29,376.52 2 1
zeno/internal/slots/excel.go:376.52,377.38 1 1
zeno/internal/slots/excel.go:377.38,379.5 1 1
zeno/internal/slots/excel.go:379.10,381.5 1 1
zeno/internal/slots/excel.go:382.9,382.54 1 1
zeno/internal/slots/excel.go:382.54,386.31 2 1
zeno/internal/slots/excel.go:386.31,387.57 1 1
zeno/internal/slots/excel.go:387.57,388.46 1 1
zeno/internal/slots/excel.go:388.46,390.7 1 1
zeno/internal/slots/excel.go:390.12,392.7 1 1
zeno/internal/slots/excel.go:395.4,395.23 1 1
zeno/internal/slots/excel.go:396.9,398.4 1 0
zeno/internal/slots/excel.go:400.2,400.16 1 1
zeno/internal/slots/excel.go:403.31,406.2 2 0
zeno/internal/slots/excel.go:408.24,409.11 1 0
zeno/internal/slots/excel.go:409.11,411.3 1 0
zeno/internal/slots/excel.go:412.2,412.10 1 0
zeno/internal/slots/filesystem.go:13.50,16.104 1 1
zeno/internal/slots/filesystem.go:16.104,20.35 3 1
zeno/internal/slots/filesystem.go:20.35,22.24 2 1
zeno/internal/slots/filesystem.go:22.24,24.5 1 1
zeno/internal/slots/filesystem.go:25.4,25.27 1 1
zeno/internal/slots/filesystem.go:25.27,27.5 1 1
zeno/internal/slots/filesystem.go:28.4,28.24 1 1
zeno/internal/slots/filesystem.go:28.24,29.48 1 0
zeno/internal/slots/filesystem.go:29.48,31.6 1 0
zeno/internal/slots/filesystem.go:35.3,35.17 1 1
zeno/internal/slots/filesystem.go:35.17,37.4 1 0
zeno/internal/slots/filesystem.go:39.3,43.44 2 1
zeno/internal/slots/filesystem.go:43.44,45.92 2 1
zeno/internal/slots/filesystem.go:45.92,47.5 1 1
zeno/internal/slots/filesystem.go:48.9,51.4 1 1
zeno/internal/slots/filesystem.go:53.3,53.68 1 1
zeno/internal/slots/filesystem.go:53.68,55.4 1 0
zeno/internal/slots/filesystem.go:56.3,56.69 1 1
zeno/internal/slots/filesystem.go:60.2,60.103 1 1
zeno/internal/slots/filesystem.go:60.103,64.35 3 1
zeno/internal/slots/filesystem.go:64.35,66.24 2 1
zeno/internal/slots/filesystem.go:66.24,68.5 1 1
zeno/internal/slots/filesystem.go:69.4,69.22 1 1
zeno/internal/slots/filesystem.go:69.22,71.5 1 1
zeno/internal/slots/filesystem.go:74.3,74.24 1 1
zeno/internal/slots/filesystem.go:74.24,76.18 2 0
zeno/internal/slots/filesystem.go:76.18,78.5 1 0
zeno/internal/slots/filesystem.go:79.4,79.31 1 0
zeno/internal/slots/filesystem.go:82.3,82.17 1 1
zeno/internal/slots/filesystem.go:82.17,84.4 1 0
zeno/internal/slots/filesystem.go:86.3,88.17 3 1
zeno/internal/slots/filesystem.go:88.17,90.4 1 0
zeno/internal/slots/filesystem.go:92.3,93.13 2 1
zeno/internal/slots/filesystem.go:97.2,97.104 1 1
zeno/internal/slots/filesystem.go:97.104,99.17 2 0
zeno/internal/slots/filesystem.go:99.17,100.36 1 0
zeno/internal/slots/filesystem.go:100.36,101.25 1 0
zeno/internal/slots/filesystem.go:101.25,103.6 1 0
zeno/internal/slots/filesystem.go:106.3,106.17 1 0
zeno/internal/slots/filesystem.go:106.17,108.4 1 0
zeno/internal/slots/filesystem.go:109.3,109.69 1 0
zeno/internal/slots/filesystem.go:113.2,113.105 1 1
zeno/internal/slots/filesystem.go:113.105,115.24 2 1
zeno/internal/slots/filesystem.go:115.24,117.18 2 1
zeno/internal/slots/filesystem.go:117.18,119.5 1 0
zeno/internal/slots/filesystem.go:120.4,120.34 1 1
zeno/internal/slots/filesystem.go:123.3,123.20 1 1
zeno/internal/slots/filesystem.go:123.20,124.36 1 0
zeno/internal/slots/filesystem.go:124.36,125.25 1 0
zeno/internal/slots/filesystem.go:125.25,127.6 1 0
zeno/internal/slots/filesystem.go:131.3,131.20 1 1
zeno/internal/slots/filesystem.go:131.20,133.4 1 0
zeno/internal/slots/filesystem.go:135.3,139.17 4 1
zeno/internal/slots/filesystem.go:139.17,140.26 1 0
zeno/internal/slots/filesystem.go:140.26,142.5 1 0
zeno/internal/slots/filesystem.go:143.4,143.55 1 0
zeno/internal/slots/filesystem.go:145.3,145.13 1 1
zeno/internal/slots/functions.go:13.48,30.93 2 1
zeno/internal/slots/functions.go:30.93,33.21 2 1
zeno/internal/slots/functions.go:33.21,35.4 1 0
zeno/internal/slots/functions.go:44.3,49.13 5 1
zeno/internal/slots/functions.go:60.2,60.95 1 1
zeno/internal/slots/functions.go:60.95,62.21 2 1
zeno/internal/slots/functions.go:62.21,64.4 1 0
zeno/internal/slots/functions.go:67.3,72.13 5 1
zeno/internal/slots/functions.go:72.13,74.4 1 0
zeno/internal/slots/functions.go:82.3,82.43 1 1
zeno/internal/slots/functions.go:82.43,83.57 1 1
zeno/internal/slots/functions.go:83.57,85.5 1 0
zeno/internal/slots/functions.go:88.3,88.13 1 1
zeno/internal/slots/http.go:16.50,19.104 1 1
zeno/internal/slots/http.go:19.104,21.10 2 0
zeno/internal/slots/http.go:21.10,23.4 1 0
zeno/internal/slots/http.go:25.3,29.24 4 0
zeno/internal/slots/http.go:29.24,31.47 2 0
zeno/internal/slots/http.go:31.47,33.5 1 0
zeno/internal/slots/http.go:36.3,36.35 1 0
zeno/internal/slots/http.go:36.35,39.26 2 0
zeno/internal/slots/http.go:39.26,40.48 1 0
zeno/internal/slots/http.go:40.48,42.6 1 0
zeno/internal/slots/http.go:44.4,44.24 1 0
zeno/internal/slots/http.go:44.24,46.5 1 0
zeno/internal/slots/http.go:47.4,47.44 1 0
zeno/internal/slots/http.go:47.44,49.5 1 0
zeno/internal/slots/http.go:52.3,55.18 3 0
zeno/internal/slots/http.go:55.18,56.41 1 0
zeno/internal/slots/http.go:56.41,59.5 1 0
zeno/internal/slots/http.go:59.10,61.5 1 0
zeno/internal/slots/http.go:63.3,63.13 1 0
zeno/internal/slots/http.go:67.2,67.104 1 1
zeno/internal/slots/http.go:67.104,70.18 3 1
zeno/internal/slots/http.go:70.18,72.4 1 0
zeno/internal/slots/http.go:74.3,75.16 2 1
zeno/internal/slots/http.go:75.16,76.36 1 0
zeno/internal/slots/http.go:76.36,77.42 1 0
zeno/internal/slots/http.go:77.42,79.6 1 0
zeno/internal/slots/http.go:83.3,83.16 1 1
zeno/internal/slots/http.go:83.16,85.4 1 0
zeno/internal/slots/http.go:87.3,88.19 2 1
zeno/internal/slots/http.go:92.2,92.101 1 1
zeno/internal/slots/http.go:92.101,94.10 2 1
zeno/internal/slots/http.go:94.10,96.4 1 0
zeno/internal/slots/http.go:98.3,102.35 4 1
zeno/internal/slots/http.go:102.35,104.24 2 1
zeno/internal/slots/http.go:104.24,106.5 1 1
zeno/internal/slots/http.go:107.4,107.23 1 1
zeno/internal/slots/http.go:107.23,109.5 1 1
zeno/internal/slots/http.go:110.4,110.23 1 1
zeno/internal/slots/http.go:110.23,111.48 1 0
zeno/internal/slots/http.go:111.48,113.6 1 0
zeno/internal/slots/http.go:117.3,117.17 1 1
zeno/internal/slots/http.go:117.17,119.4 1 0
zeno/internal/slots/http.go:121.3,124.13 2 1
zeno/internal/slots/http.go:128.2,128.100 1 1
zeno/internal/slots/http.go:128.100,132.35 3 0
zeno/internal/slots/http.go:132.35,133.22 1 0
zeno/internal/slots/http.go:133.22,135.5 1 0
zeno/internal/slots/http.go:139.3,139.44 1 0
zeno/internal/slots/http.go:139.44,140.54 1 0
zeno/internal/slots/http.go:140.54,141.38 1 0
zeno/internal/slots/http.go:141.38,144.6 2 0
zeno/internal/slots/http.go:149.3,150.13 2 0
zeno/internal/slots/http.go:154.2,154.101 1 1
zeno/internal/slots/http.go:154.101,156.20 2 1
zeno/internal/slots/http.go:156.20,158.4 1 0
zeno/internal/slots/http.go:159.3,165.35 4 1
zeno/internal/slots/http.go:165.35,166.22 1 1
zeno/internal/slots/http.go:166.22,168.5 1 1
zeno/internal/slots/http.go:171.3,173.13 3 1
zeno/internal/slots/http.go:177.2,177.102 1 1
zeno/internal/slots/http.go:177.102,179.20 2 1
zeno/internal/slots/http.go:179.20,181.4 1 0
zeno/internal/slots/http.go:182.3,188.35 4 1
zeno/internal/slots/http.go:188.35,189.22 1 1
zeno/internal/slots/http.go:189.22,191.5 1 1
zeno/internal/slots/http.go:194.3,196.13 3 1
zeno/internal/slots/http.go:200.2,200.100 1 1
zeno/internal/slots/http.go:200.100,202.20 2 0
zeno/internal/slots/http.go:202.20,204.4 1 0
zeno/internal/slots/http.go:205.3,208.35 3 0
zeno/internal/slots/http.go:208.35,209.22 1 0
zeno/internal/slots/http.go:209.22,211.5 1 0
zeno/internal/slots/http.go:214.3,215.13 2 0
zeno/internal/slots/http.go:219.2,219.100 1 1
zeno/internal/slots/http.go:219.100,221.20 2 0
zeno/internal/slots/http.go:221.20,223.4 1 0
zeno/internal/slots/http.go:224.3,227.35 3 0
zeno/internal/slots/http.go:227.35,228.22 1 0
zeno/internal/slots/http.go:228.22,230.5 1 0
zeno/internal/slots/http.go:233.3,233.20 1 0
zeno/internal/slots/http.go:233.20,236.4 2 0
zeno/internal/slots/http.go:239.3,240.17 2 0
zeno/internal/slots/http.go:240.17,242.4 1 0
zeno/internal/slots/http.go:245.3,248.13 3 0
zeno/internal/slots/http.go:252.2,252.105 1 1
zeno/internal/slots/http.go:252.105,254.20 2 0
zeno/internal/slots/http.go:254.20,256.4 1 0
zeno/internal/slots/http.go:257.3,260.35 3 0
zeno/internal/slots/http.go:260.35,261.22 1 0
zeno/internal/slots/http.go:261.22,263.5 1 0
zeno/internal/slots/http.go:266.3,266.20 1 0
zeno/internal/slots/http.go:266.20,269.4 2 0
zeno/internal/slots/http.go:272.3,273.17 2 0
zeno/internal/slots/http.go:273.17,275.4 1 0
zeno/internal/slots/http.go:278.3,280.26 2 0
zeno/internal/slots/http.go:280.26,283.4 2 0
zeno/internal/slots/http.go:285.3,286.60 2 0
zeno/internal/slots/http.go:286.60,288.4 1 0
zeno/internal/slots/http.go:290.3,291.13 2 0
zeno/internal/slots/http.go:299.2,299.124 1 1
zeno/internal/slots/http.go:299.124,301.10 2 1
zeno/internal/slots/http.go:301.10,303.4 1 0
zeno/internal/slots/http.go:306.3,310.39 3 1
zeno/internal/slots/http.go:310.39,313.4 2 1
zeno/internal/slots/http.go:316.3,319.13 4 1
zeno/internal/slots/http.go:323.2,323.98 1 1
zeno/internal/slots/http.go:323.98,325.3 1 1
zeno/internal/slots/http.go:330.2,330.103 1 1
zeno/internal/slots/http.go:330.103,332.3 1 0
zeno/internal/slots/http.go:337.2,337.104 1 1
zeno/internal/slots/http.go:337.104,339.3 1 0
zeno/internal/slots/http.go:344.2,344.106 1 1
zeno/internal/slots/http.go:344.106,346.10 2 0
zeno/internal/slots/http.go:346.10,348.4 1 0
zeno/internal/slots/http.go:349.3,350.13 2 0
zeno/internal/slots/http.go:357.2,357.107 1 1
zeno/internal/slots/http.go:357.107,359.3 1 0
zeno/internal/slots/http.go:364.2,364.108 1 1
zeno/internal/slots/http.go:364.108,366.3 1 0
zeno/internal/slots/http.go:371.2,371.105 1 1
zeno/internal/slots/http.go:371.105,373.3 1 0
zeno/internal/slots/http.go:378.2,378.105 1 1
zeno/internal/slots/http.go:378.105,380.3 1 0
zeno/internal/slots/http.go:385.2,385.112 1 1
zeno/internal/slots/http.go:385.112,387.3 1 0
zeno/internal/slots/http.go:393.2,393.108 1 1
zeno/internal/slots/http.go:393.108,395.3 1 0
zeno/internal/slots/http_client.go:16.50,17.103 1 1
zeno/internal/slots/http_client.go:17.103,25.24 6 1
zeno/internal/slots/http_client.go:25.24,27.4 1 1
zeno/internal/slots/http_client.go:29.3,29.35 1 1
zeno/internal/slots/http_client.go:29.35,31.18 2 1
zeno/internal/slots/http_client.go:32.15,33.31 1 0
zeno/internal/slots/http_client.go:34.18,35.51 1 1
zeno/internal/slots/http_client.go:36.19,37.50 1 0
zeno/internal/slots/http_client.go:37.50,39.6 1 0
zeno/internal/slots/http_client.go:40.35,41.15 1 1
zeno/internal/slots/http_client.go:42.19,43.48 1 0
zeno/internal/slots/http_client.go:43.48,45.6 1 0
zeno/internal/slots/http_client.go:46.14,48.40 1 1
zeno/internal/slots/http_client.go:48.40,50.6 1 1
zeno/internal/slots/http_client.go:55.3,55.16 1 1
zeno/internal/slots/http_client.go:55.16,57.4 1 0
zeno/internal/slots/http_client.go:58.3,58.19 1 1
zeno/internal/slots/http_client.go:58.19,60.4 1 0
zeno/internal/slots/http_client.go:63.3,64.18 2 1
zeno/internal/slots/http_client.go:64.18,66.40 1 1
zeno/internal/slots/http_client.go:66.40,68.5 1 0
zeno/internal/slots/http_client.go:68.10,71.19 2 1
zeno/internal/slots/http_client.go:71.19,73.6 1 0
zeno/internal/slots/http_client.go:74.5,74.41 1 1
zeno/internal/slots/http_client.go:79.3,80.17 2 1
zeno/internal/slots/http_client.go:80.17,82.4 1 0
zeno/internal/slots/http_client.go:86.3,86.52 1 1
zeno/internal/slots/http_client.go:86.52,88.4 1 1
zeno/internal/slots/http_client.go:90.3,90.29 1 1
zeno/internal/slots/http_client.go:90.29,92.4 1 0
zeno/internal/slots/http_client.go:95.3,100.17 3 1
zeno/internal/slots/http_client.go:100.17,113.4 1 0
zeno/internal/slots/http_client.go:114.3,122.56 5 1
zeno/internal/slots/http_client.go:122.56,124.69 2 1
zeno/internal/slots/http_client.go:124.69,126.5 1 1
zeno/internal/slots/http_client.go:126.10,128.5 1 0
zeno/internal/slots/http_client.go:129.9,131.4 1 0
zeno/internal/slots/http_client.go:134.3,135.33 2 1
zeno/internal/slots/http_client.go:135.33,136.18 1 1
zeno/internal/slots/http_client.go:136.18,138.5 1 1
zeno/internal/slots/http_client.go:142.3,149.13 3 1
zeno/internal/slots/image.go:17.45,20.101 1 1
zeno/internal/slots/image.go:20.101,24.35 3 1
zeno/internal/slots/image.go:24.35,26.24 1 1
zeno/internal/slots/image.go:26.24,28.5 1 1
zeno/internal/slots/image.go:29.4,29.22 1 1
zeno/internal/slots/image.go:29.22,32.5 1 1
zeno/internal/slots/image.go:35.3,35.17 1 1
zeno/internal/slots/image.go:35.17,37.4 1 0
zeno/internal/slots/image.go:39.3,40.17 2 1
zeno/internal/slots/image.go:40.17,42.4 1 0
zeno/internal/slots/image.go:43.3,47.17 3 1
zeno/internal/slots/image.go:47.17,49.4 1 0
zeno/internal/slots/image.go:51.3,56.13 3 1
zeno/internal/slots/image.go:60.2,60.103 1 1
zeno/internal/slots/image.go:60.103,64.35 3 1
zeno/internal/slots/image.go:64.35,66.26 2 1
zeno/internal/slots/image.go:66.26,68.5 1 1
zeno/internal/slots/image.go:69.4,69.24 1 1
zeno/internal/slots/image.go:69.24,71.5 1 1
zeno/internal/slots/image.go:72.4,72.25 1 1
zeno/internal/slots/image.go:72.25,74.5 1 1
zeno/internal/slots/image.go:75.4,75.26 1 1
zeno/internal/slots/image.go:75.26,77.5 1 0
zeno/internal/slots/image.go:82.3,85.38 3 1
zeno/internal/slots/image.go:85.38,87.4 1 0
zeno/internal/slots/image.go:90.3,91.17 2 1
zeno/internal/slots/image.go:91.17,93.4 1 0
zeno/internal/slots/image.go:94.3,97.17 3 1
zeno/internal/slots/image.go:97.17,99.4 1 0
zeno/internal/slots/image.go:105.3,106.17 2 1
zeno/internal/slots/image.go:106.17,108.4 1 0
zeno/internal/slots/image.go:109.3,111.22 2 1
zeno/internal/slots/image.go:111.22,113.4 1 1
zeno/internal/slots/image.go:115.3,115.59 1 0
zeno/internal/slots/inertia.go:13.47,15.105 1 1
zeno/internal/slots/inertia.go:15.105,20.35 3 1
zeno/internal/slots/inertia.go:20.35,21.29 1 1
zeno/internal/slots/inertia.go:21.29,23.5 1 1
zeno/internal/slots/inertia.go:24.4,24.25 1 1
zeno/internal/slots/inertia.go:24.25,26.62 2 1
zeno/internal/slots/inertia.go:26.62,28.6 1 1
zeno/internal/slots/inertia.go:32.3,32.22 1 1
zeno/internal/slots/inertia.go:32.22,34.4 1 0
zeno/internal/slots/inertia.go:37.3,38.10 2 1
zeno/internal/slots/inertia.go:38.10,40.4 1 0
zeno/internal/slots/inertia.go:42.3,43.10 2 1
zeno/internal/slots/inertia.go:43.10,45.4 1 0
zeno/internal/slots/inertia.go:48.3,51.55 2 1
zeno/internal/slots/inertia.go:51.55,53.4 1 0
zeno/internal/slots/inertia.go:56.3,56.58 1 1
zeno/internal/slots/inertia.go:56.58,58.4 1 0
zeno/internal/slots/inertia.go:61.3,61.61 1 1
zeno/internal/slots/inertia.go:61.61,63.4 1 0
zeno/internal/slots/inertia.go:66.3,66.19 1 1
zeno/internal/slots/inertia.go:66.19,68.4 1 0
zeno/internal/slots/inertia.go:69.3,69.32 1 1
zeno/internal/slots/inertia.go:69.32,70.38 1 0
zeno/internal/slots/inertia.go:70.38,72.5 1 0
zeno/internal/slots/inertia.go:76.3,86.16 3 1
zeno/internal/slots/inertia.go:86.16,93.4 4 1
zeno/internal/slots/inertia.go:96.3,97.17 2 1
zeno/internal/slots/inertia.go:97.17,99.4 1 0
zeno/internal/slots/inertia.go:101.3,118.13 4 1
zeno/internal/slots/inertia.go:125.2,125.104 1 1
zeno/internal/slots/inertia.go:125.104,127.35 1 1
zeno/internal/slots/inertia.go:127.35,128.22 1 1
zeno/internal/slots/inertia.go:128.22,131.5 2 1
zeno/internal/slots/inertia.go:134.3,134.13 1 1
zeno/internal/slots/inertia.go:141.2,141.107 1 1
zeno/internal/slots/inertia.go:141.107,144.35 2 1
zeno/internal/slots/inertia.go:144.35,145.23 1 1
zeno/internal/slots/inertia.go:145.23,147.5 1 1
zeno/internal/slots/inertia.go:150.3,150.16 1 1
zeno/internal/slots/inertia.go:150.16,152.4 1 0
zeno/internal/slots/inertia.go:154.3,155.10 2 1
zeno/internal/slots/inertia.go:155.10,157.4 1 0
zeno/internal/slots/inertia.go:159.3,162.13 3 1
zeno/internal/slots/job.go:14.92,17.104 1 1
zeno/internal/slots/job.go:17.104,18.23 1 0
zeno/internal/slots/job.go:18.23,20.4 1 0
zeno/internal/slots/job.go:21.3,22.24 2 0
zeno/internal/slots/job.go:22.24,24.17 2 0
zeno/internal/slots/job.go:24.17,26.29 2 0
zeno/internal/slots/job.go:26.29,28.6 1 0
zeno/internal/slots/job.go:34.3,34.35 1 0
zeno/internal/slots/job.go:34.35,36.31 2 0
zeno/internal/slots/job.go:36.31,38.5 1 0
zeno/internal/slots/job.go:39.4,39.15 1 0
zeno/internal/slots/job.go:39.15,41.5 1 0
zeno/internal/slots/job.go:44.3,44.22 1 0
zeno/internal/slots/job.go:44.22,46.4 1 0
zeno/internal/slots/job.go:47.3,47.13 1 0
zeno/internal/slots/job.go:56.2,56.102 1 1
zeno/internal/slots/job.go:56.102,58.19 1 1
zeno/internal/slots/job.go:58.19,60.4 1 0
zeno/internal/slots/job.go:62.3,66.63 3 1
zeno/internal/slots/job.go:66.63,68.4 1 0
zeno/internal/slots/job.go:70.3,70.35 1 1
zeno/internal/slots/job.go:70.35,71.25 1 1
zeno/internal/slots/job.go:71.25,73.5 1 1
zeno/internal/slots/job.go:74.4,74.27 1 1
zeno/internal/slots/job.go:74.27,77.5 1 1
zeno/internal/slots/job.go:80.3,80.21 1 1
zeno/internal/slots/job.go:80.21,82.4 1 0
zeno/internal/slots/job.go:85.3,86.17 2 1
zeno/internal/slots/job.go:86.17,88.4 1 0
zeno/internal/slots/job.go:91.3,92.17 2 1
zeno/internal/slots/job.go:92.17,94.4 1 0
zeno/internal/slots/job.go:96.3,96.13 1 1
zeno/internal/slots/json.go:12.44,15.101 1 1
zeno/internal/slots/json.go:15.101,19.24 3 1
zeno/internal/slots/json.go:19.24,21.4 1 1
zeno/internal/slots/json.go:23.3,23.35 1 1
zeno/internal/slots/json.go:23.35,25.23 2 1
zeno/internal/slots/json.go:25.23,27.5 1 0
zeno/internal/slots/json.go:28.4,28.22 1 1
zeno/internal/slots/json.go:28.22,30.5 1 1
zeno/internal/slots/json.go:33.3,33.20 1 1
zeno/internal/slots/json.go:33.20,35.4 1 0
zeno/internal/slots/json.go:37.3,39.17 3 1
zeno/internal/slots/json.go:39.17,41.4 1 1
zeno/internal/slots/json.go:43.3,44.13 2 1
zeno/internal/slots/json.go:48.2,48.105 1 1
zeno/internal/slots/json.go:48.105,52.24 3 1
zeno/internal/slots/json.go:52.24,54.4 1 1
zeno/internal/slots/json.go:56.3,56.35 1 1
zeno/internal/slots/json.go:56.35,57.23 1 1
zeno/internal/slots/json.go:57.23,59.5 1 0
zeno/internal/slots/json.go:60.4,60.22 1 1
zeno/internal/slots/json.go:60.22,62.5 1 1
zeno/internal/slots/json.go:65.3,66.17 2 1
zeno/internal/slots/json.go:66.17,68.4 1 0
zeno/internal/slots/json.go:70.3,71.13 2 1
zeno/internal/slots/logic.go:25.45,29.97 1 1
zeno/internal/slots/logic.go:29.97,31.3 1 0
zeno/internal/slots/logic.go:36.2,36.100 1 1
zeno/internal/slots/logic.go:36.100,41.24 3 1
zeno/internal/slots/logic.go:41.24,44.4 2 1
zeno/internal/slots/logic.go:46.3,46.35 1 1
zeno/internal/slots/logic.go:46.35,47.43 1 1
zeno/internal/slots/logic.go:47.43,50.5 2 0
zeno/internal/slots/logic.go:51.4,51.44 1 1
zeno/internal/slots/logic.go:51.44,57.39 3 1
zeno/internal/slots/logic.go:57.39,63.66 4 0
zeno/internal/slots/logic.go:63.66,67.41 2 0
zeno/internal/slots/logic.go:67.41,71.49 3 0
zeno/internal/slots/logic.go:71.49,74.41 2 0
zeno/internal/slots/logic.go:74.41,78.56 2 0
zeno/internal/slots/logic.go:78.56,79.48 1 0
zeno/internal/slots/logic.go:79.48,81.20 2 0
zeno/internal/slots/logic.go:86.10,86.59 1 0
zeno/internal/slots/logic.go:86.59,87.62 1 0
zeno/internal/slots/logic.go:87.62,88.43 1 0
zeno/internal/slots/logic.go:88.43,90.21 2 0
zeno/internal/slots/logic.go:96.10,97.15 2 0
zeno/internal/slots/logic.go:100.9,100.24 1 0
zeno/internal/slots/logic.go:100.24,103.45 2 0
zeno/internal/slots/logic.go:103.45,106.19 3 0
zeno/internal/slots/logic.go:107.16,110.16 2 0
zeno/internal/slots/logic.go:112.15,114.15 2 0
zeno/internal/slots/logic.go:116.14,118.14 2 0
zeno/internal/slots/logic.go:120.13,122.43 1 0
zeno/internal/slots/logic.go:122.43,124.41 2 0
zeno/internal/slots/logic.go:124.41,127.18 3 0
zeno/internal/slots/logic.go:128.15,130.15 2 0
zeno/internal/slots/logic.go:132.14,134.14 2 0
zeno/internal/slots/logic.go:139.6,139.27 1 0
zeno/internal/slots/logic.go:139.27,141.7 1 0
zeno/internal/slots/logic.go:142.11,145.6 1 1
zeno/internal/slots/logic.go:149.3,149.16 1 1
zeno/internal/slots/logic.go:149.16,151.4 1 1
zeno/internal/slots/logic.go:152.3,152.13 1 1
zeno/internal/slots/logic.go:167.2,167.104 1 1
zeno/internal/slots/logic.go:167.104,172.35 4 1
zeno/internal/slots/logic.go:172.35,174.22 2 1
zeno/internal/slots/logic.go:174.22,176.5 1 1
zeno/internal/slots/logic.go:177.4,177.22 1 1
zeno/internal/slots/logic.go:177.22,179.5 1 1
zeno/internal/slots/logic.go:180.4,180.22 1 1
zeno/internal/slots/logic.go:180.22,182.5 1 1
zeno/internal/slots/logic.go:183.4,183.22 1 1
zeno/internal/slots/logic.go:183.22,185.5 1 1
zeno/internal/slots/logic.go:188.3,192.33 4 1
zeno/internal/slots/logic.go:192.33,193.14 1 1
zeno/internal/slots/logic.go:194.14,195.21 1 0
zeno/internal/slots/logic.go:196.14,197.21 1 0
zeno/internal/slots/logic.go:198.13,199.20 1 1
zeno/internal/slots/logic.go:200.13,201.20 1 0
zeno/internal/slots/logic.go:202.14,203.21 1 0
zeno/internal/slots/logic.go:204.14,205.21 1 0
zeno/internal/slots/logic.go:207.9,210.14 3 0
zeno/internal/slots/logic.go:211.14,212.21 1 0
zeno/internal/slots/logic.go:213.14,214.21 1 0
zeno/internal/slots/logic.go:218.3,219.13 2 1
zeno/internal/slots/logic.go:234.2,234.94 1 1
zeno/internal/slots/logic.go:234.94,238.35 3 1
zeno/internal/slots/logic.go:238.35,239.22 1 1
zeno/internal/slots/logic.go:239.22,241.5 1 1
zeno/internal/slots/logic.go:242.4,242.25 1 1
zeno/internal/slots/logic.go:242.25,244.5 1 1
zeno/internal/slots/logic.go:245.4,245.22 1 1
zeno/internal/slots/logic.go:245.22,247.5 1 0
zeno/internal/slots/logic.go:250.3,250.20 1 1
zeno/internal/slots/logic.go:250.20,251.42 1 1
zeno/internal/slots/logic.go:251.42,252.58 1 1
zeno/internal/slots/logic.go:252.58,254.94 1 1
zeno/internal/slots/logic.go:254.94,256.7 1 0
zeno/internal/slots/logic.go:257.6,257.26 1 1
zeno/internal/slots/logic.go:257.26,260.7 2 1
zeno/internal/slots/logic.go:261.6,261.16 1 0
zeno/internal/slots/logic.go:265.3,265.13 1 0
zeno/internal/slots/logic.go:280.2,280.88 1 1
zeno/internal/slots/logic.go:280.88,283.38 3 1
zeno/internal/slots/logic.go:283.38,285.4 1 1
zeno/internal/slots/logic.go:285.9,287.4 1 1
zeno/internal/slots/logic.go:288.3,291.35 3 1
zeno/internal/slots/logic.go:291.35,292.22 1 1
zeno/internal/slots/logic.go:292.22,294.10 2 1
zeno/internal/slots/logic.go:299.3,299.38 1 1
zeno/internal/slots/logic.go:299.38,307.38 6 1
zeno/internal/slots/logic.go:307.38,312.5 4 1
zeno/internal/slots/logic.go:315.4,315.21 1 1
zeno/internal/slots/logic.go:315.21,317.34 2 1
zeno/internal/slots/logic.go:317.34,319.13 1 1
zeno/internal/slots/logic.go:320.24,321.61 1 0
zeno/internal/slots/logic.go:322.14,322.14 0 1
zeno/internal/slots/logic.go:326.6,326.46 1 1
zeno/internal/slots/logic.go:326.46,327.12 1 1
zeno/internal/slots/logic.go:331.6,331.60 1 1
zeno/internal/slots/logic.go:331.60,332.77 1 1
zeno/internal/slots/logic.go:332.77,334.8 1 1
zeno/internal/slots/logic.go:335.7,335.83 1 0
zeno/internal/slots/logic.go:335.83,336.19 1 0
zeno/internal/slots/logic.go:338.7,338.17 1 0
zeno/internal/slots/logic.go:343.6,343.40 1 1
zeno/internal/slots/logic.go:343.40,347.7 3 1
zeno/internal/slots/logic.go:347.12,347.47 1 0
zeno/internal/slots/logic.go:347.47,351.7 3 0
zeno/internal/slots/logic.go:354.4,354.14 1 1
zeno/internal/slots/logic.go:358.3,359.17 2 1
zeno/internal/slots/logic.go:359.17,361.4 1 0
zeno/internal/slots/logic.go:363.3,364.35 2 1
zeno/internal/slots/logic.go:364.35,365.22 1 1
zeno/internal/slots/logic.go:365.22,367.5 1 1
zeno/internal/slots/logic.go:370.3,370.20 1 1
zeno/internal/slots/logic.go:370.20,374.36 3 1
zeno/internal/slots/logic.go:374.36,386.22 3 1
zeno/internal/slots/logic.go:386.22,388.6 1 0
zeno/internal/slots/logic.go:389.5,391.59 2 1
zeno/internal/slots/logic.go:391.59,392.76 1 1
zeno/internal/slots/logic.go:392.76,393.22 1 0
zeno/internal/slots/logic.go:395.6,395.82 1 1
zeno/internal/slots/logic.go:395.82,396.15 1 1
zeno/internal/slots/logic.go:398.6,398.16 1 0
zeno/internal/slots/logic.go:402.4,402.21 1 1
zeno/internal/slots/logic.go:402.21,404.5 1 0
zeno/internal/slots/logic.go:404.10,406.5 1 1
zeno/internal/slots/logic.go:408.3,408.13 1 1
zeno/internal/slots/logic.go:411.2,433.102 3 1
zeno/internal/slots/logic.go:433.102,438.24 3 0
zeno/internal/slots/logic.go:438.24,440.4 1 0
zeno/internal/slots/logic.go:442.3,442.35 1 0
zeno/internal/slots/logic.go:442.35,443.28 1 0
zeno/internal/slots/logic.go:443.28,445.5 1 0
zeno/internal/slots/logic.go:446.4,446.22 1 0
zeno/internal/slots/logic.go:446.22,448.5 1 0
zeno/internal/slots/logic.go:451.3,451.24 1 0
zeno/internal/slots/logic.go:451.24,453.4 1 0
zeno/internal/slots/logic.go:455.3,456.17 2 0
zeno/internal/slots/logic.go:456.17,458.4 1 0
zeno/internal/slots/logic.go:460.3,463.20 3 0
zeno/internal/slots/logic.go:463.20,464.42 1 0
zeno/internal/slots/logic.go:464.42,465.65 1 0
zeno/internal/slots/logic.go:465.65,466.54 1 0
zeno/internal/slots/logic.go:466.54,468.7 1 0
zeno/internal/slots/logic.go:469.6,469.16 1 0
zeno/internal/slots/logic.go:473.3,473.13 1 0
zeno/internal/slots/logic.go:486.2,486.90 1 1
zeno/internal/slots/logic.go:486.90,490.32 3 0
zeno/internal/slots/logic.go:490.32,492.11 1 0
zeno/internal/slots/logic.go:493.22,494.61 1 0
zeno/internal/slots/logic.go:495.12,495.12 0 0
zeno/internal/slots/logic.go:498.4,498.44 1 0
zeno/internal/slots/logic.go:498.44,499.10 1 0
zeno/internal/slots/logic.go:503.4,504.36 2 0
zeno/internal/slots/logic.go:504.36,505.23 1 0
zeno/internal/slots/logic.go:505.23,507.11 2 0
zeno/internal/slots/logic.go:512.4,512.29 1 0
zeno/internal/slots/logic.go:512.29,514.5 1 0
zeno/internal/slots/logic.go:516.4,516.41 1 0
zeno/internal/slots/logic.go:516.41,517.58 1 0
zeno/internal/slots/logic.go:517.58,518.76 1 0
zeno/internal/slots/logic.go:518.76,519.20 1 0
zeno/internal/slots/logic.go:521.6,521.82 1 0
zeno/internal/slots/logic.go:521.82,522.12 1 0
zeno/internal/slots/logic.go:524.6,524.16 1 0
zeno/internal/slots/logic.go:529.3,529.13 1 0
zeno/internal/slots/logic.go:532.2,550.96 3 1
zeno/internal/slots/logic.go:550.96,551.24 1 1
[...]
zeno/internal/slots/time.go:103.3,104.13 2 1
zeno/internal/slots/time.go:118.2,118.101 1 1
zeno/internal/slots/time.go:118.101,123.35 4 1
zeno/internal/slots/time.go:123.35,124.44 1 1
zeno/internal/slots/time.go:124.44,126.5 1 0
zeno/internal/slots/time.go:127.4,127.48 1 1
zeno/internal/slots/time.go:127.48,129.5 1 0
zeno/internal/slots/time.go:130.4,130.22 1 1
zeno/internal/slots/time.go:130.22,132.5 1 1
zeno/internal/slots/time.go:135.3,135.18 1 1
zeno/internal/slots/time.go:135.18,137.4 1 0
zeno/internal/slots/time.go:139.3,141.19 3 1
zeno/internal/slots/time.go:141.19,143.4 1 0
zeno/internal/slots/time.go:143.9,145.4 1 1
zeno/internal/slots/time.go:147.3,147.17 1 1
zeno/internal/slots/time.go:147.17,149.4 1 0
zeno/internal/slots/time.go:151.3,152.13 2 1
zeno/internal/slots/time.go:166.2,166.99 1 1
zeno/internal/slots/time.go:166.99,171.24 4 1
zeno/internal/slots/time.go:171.24,173.4 1 1
zeno/internal/slots/time.go:175.3,175.35 1 1
zeno/internal/slots/time.go:175.35,176.43 1 1
zeno/internal/slots/time.go:176.43,178.5 1 0
zeno/internal/slots/time.go:179.4,179.47 1 1
zeno/internal/slots/time.go:179.47,181.5 1 1
zeno/internal/slots/time.go:182.4,182.22 1 1
zeno/internal/slots/time.go:182.22,184.5 1 1
zeno/internal/slots/time.go:187.3,187.19 1 1
zeno/internal/slots/time.go:187.19,189.4 1 0
zeno/internal/slots/time.go:191.3,192.28 2 1
zeno/internal/slots/time.go:193.18,194.9 1 1
zeno/internal/slots/time.go:195.15,197.18 2 0
zeno/internal/slots/time.go:197.18,199.5 1 0
zeno/internal/slots/time.go:200.4,200.14 1 0
zeno/internal/slots/time.go:201.11,202.53 1 0
zeno/internal/slots/time.go:205.3,206.17 2 1
zeno/internal/slots/time.go:206.17,208.4 1 0
zeno/internal/slots/time.go:210.3,211.13 2 1
zeno/internal/slots/time.go:225.2,225.101 1 1
zeno/internal/slots/time.go:225.101,227.24 2 0
zeno/internal/slots/time.go:227.24,229.4 1 0
zeno/internal/slots/time.go:231.3,231.35 1 0
zeno/internal/slots/time.go:231.35,232.28 1 0
zeno/internal/slots/time.go:232.28,234.5 1 0
zeno/internal/slots/time.go:237.3,237.24 1 0
zeno/internal/slots/time.go:237.24,239.4 1 0
zeno/internal/slots/time.go:241.3,242.17 2 0
zeno/internal/slots/time.go:242.17,244.4 1 0
zeno/internal/slots/time.go:247.3,247.10 1 0
zeno/internal/slots/time.go:248.21,249.20 1 0
zeno/internal/slots/time.go:250.24,251.14 1 0
zeno/internal/slots/time.go:260.42,261.33 1 1
zeno/internal/slots/time.go:262.15,263.29 1 0
zeno/internal/slots/time.go:264.14,265.22 1 0
zeno/internal/slots/time.go:266.14,267.20 1 0
zeno/internal/slots/time.go:268.17,269.22 1 0
zeno/internal/slots/time.go:270.14,271.44 1 0
zeno/internal/slots/time.go:272.10,274.44 1 1
zeno/internal/slots/time.go:274.44,276.4 1 1
zeno/internal/slots/time.go:277.3,277.16 1 0
zeno/internal/slots/time.go:282.50,305.2 2 1
zeno/internal/slots/time.go:308.49,317.28 2 1
zeno/internal/slots/time.go:317.28,318.45 1 1
zeno/internal/slots/time.go:318.45,320.4 1 1
zeno/internal/slots/time.go:322.2,322.59 1 0
zeno/internal/slots/transaction.go:11.79,14.105 1 1
zeno/internal/slots/transaction.go:14.105,19.24 2 1
zeno/internal/slots/transaction.go:19.24,21.4 1 0
zeno/internal/slots/transaction.go:23.3,25.35 2 1
zeno/internal/slots/transaction.go:25.35,26.22 1 1
zeno/internal/slots/transaction.go:26.22,28.5 1 0
zeno/internal/slots/transaction.go:29.4,29.22 1 1
zeno/internal/slots/transaction.go:29.22,31.5 1 1
zeno/internal/slots/transaction.go:35.3,36.16 2 1
zeno/internal/slots/transaction.go:36.16,38.4 1 0
zeno/internal/slots/transaction.go:41.3,42.17 2 1
zeno/internal/slots/transaction.go:42.17,44.4 1 0
zeno/internal/slots/transaction.go:48.3,59.20 5 1
zeno/internal/slots/transaction.go:59.20,61.4 1 1
zeno/internal/slots/transaction.go:63.3,63.37 1 1
zeno/internal/slots/transaction.go:63.37,65.67 1 1
zeno/internal/slots/transaction.go:65.67,66.13 1 0
zeno/internal/slots/transaction.go:69.4,69.57 1 1
zeno/internal/slots/transaction.go:69.57,71.10 2 1
zeno/internal/slots/transaction.go:76.3,76.21 1 1
zeno/internal/slots/transaction.go:76.21,80.4 2 1
zeno/internal/slots/transaction.go:82.3,82.37 1 1
zeno/internal/slots/transaction.go:82.37,84.4 1 0
zeno/internal/slots/transaction.go:86.3,86.13 1 1
zeno/internal/slots/upload.go:16.46,20.102 1 1
zeno/internal/slots/upload.go:20.102,22.10 2 1
zeno/internal/slots/upload.go:22.10,24.4 1 0
zeno/internal/slots/upload.go:27.3,31.35 4 1
zeno/internal/slots/upload.go:31.35,32.25 1 1
zeno/internal/slots/upload.go:32.25,34.5 1 1
zeno/internal/slots/upload.go:35.4,35.24 1 1
zeno/internal/slots/upload.go:35.24,37.5 1 1
zeno/internal/slots/upload.go:38.4,38.22 1 1
zeno/internal/slots/upload.go:38.22,41.5 1 1
zeno/internal/slots/upload.go:45.3,46.17 2 1
zeno/internal/slots/upload.go:46.17,50.4 2 1
zeno/internal/slots/upload.go:51.3,54.53 2 1
zeno/internal/slots/upload.go:54.53,56.4 1 0
zeno/internal/slots/upload.go:60.3,66.17 5 1
zeno/internal/slots/upload.go:66.17,68.4 1 0
zeno/internal/slots/upload.go:69.3,71.47 2 1
zeno/internal/slots/upload.go:71.47,73.4 1 0
zeno/internal/slots/upload.go:76.3,77.13 2 1
zeno/internal/slots/utils.go:19.70,21.25 1 1
zeno/internal/slots/utils.go:21.25,23.32 2 0
zeno/internal/slots/utils.go:23.32,25.4 1 0
zeno/internal/slots/utils.go:26.3,26.11 1 0
zeno/internal/slots/utils.go:29.2,32.22 2 1
zeno/internal/slots/utils.go:32.22,34.71 1 1
zeno/internal/slots/utils.go:34.71,36.4 1 1
zeno/internal/slots/utils.go:40.2,40.36 1 1
zeno/internal/slots/utils.go:40.36,42.37 1 1
zeno/internal/slots/utils.go:42.37,44.23 2 0
zeno/internal/slots/utils.go:44.23,49.91 4 0
zeno/internal/slots/utils.go:49.91,51.6 1 0
zeno/internal/slots/utils.go:52.5,52.58 1 0
zeno/internal/slots/utils.go:57.3,57.73 1 1
zeno/internal/slots/utils.go:57.73,59.23 2 1
zeno/internal/slots/utils.go:59.23,62.23 3 1
zeno/internal/slots/utils.go:62.23,68.24 5 1
zeno/internal/slots/utils.go:68.24,69.58 1 1
zeno/internal/slots/utils.go:69.58,71.8 1 1
zeno/internal/slots/utils.go:71.13,74.8 2 0
zeno/internal/slots/utils.go:77.6,77.11 1 1
zeno/internal/slots/utils.go:77.11,79.7 1 1
zeno/internal/slots/utils.go:80.6,80.65 1 1
zeno/internal/slots/utils.go:85.3,89.63 2 1
zeno/internal/slots/utils.go:89.63,92.44 2 1
zeno/internal/slots/utils.go:92.44,95.5 2 0
zeno/internal/slots/utils.go:97.4,100.45 3 1
zeno/internal/slots/utils.go:100.45,103.37 3 1
zeno/internal/slots/utils.go:103.37,105.25 2 1
zeno/internal/slots/utils.go:105.25,106.15 1 0
zeno/internal/slots/utils.go:110.6,110.52 1 1
zeno/internal/slots/utils.go:110.52,111.46 1 1
zeno/internal/slots/utils.go:111.46,113.16 2 1
zeno/internal/slots/utils.go:118.6,118.55 1 0
zeno/internal/slots/utils.go:118.55,119.58 1 0
zeno/internal/slots/utils.go:119.58,120.39 1 0
zeno/internal/slots/utils.go:120.39,122.17 2 0
zeno/internal/slots/utils.go:127.6,128.11 2 0
zeno/internal/slots/utils.go:130.5,130.20 1 1
zeno/internal/slots/utils.go:130.20,132.6 1 1
zeno/internal/slots/utils.go:134.4,134.14 1 0
zeno/internal/slots/utils.go:138.3,138.53 1 1
zeno/internal/slots/utils.go:138.53,140.4 1 1
zeno/internal/slots/utils.go:141.3,141.13 1 1
zeno/internal/slots/utils.go:145.2,145.16 1 1
zeno/internal/slots/utils.go:149.69,151.2 1 1
zeno/internal/slots/utils.go:155.95,157.84 2 1
zeno/internal/slots/utils.go:157.84,159.3 1 0
zeno/internal/slots/utils.go:160.2,160.17 1 1
zeno/internal/slots/utils.go:163.44,165.94 1 1
zeno/internal/slots/utils.go:165.94,169.3 3 0
zeno/internal/slots/utils.go:172.2,172.105 1 1
zeno/internal/slots/utils.go:172.105,176.24 3 1
zeno/internal/slots/utils.go:176.24,178.4 1 1
zeno/internal/slots/utils.go:181.3,181.35 1 1
zeno/internal/slots/utils.go:181.35,182.44 1 1
zeno/internal/slots/utils.go:182.44,184.13 2 1
zeno/internal/slots/utils.go:187.4,188.45 2 1
zeno/internal/slots/utils.go:191.3,192.19 2 1
zeno/internal/slots/utils.go:192.19,194.4 1 1
zeno/internal/slots/utils.go:194.9,195.66 1 0
zeno/internal/slots/utils.go:195.66,197.5 1 0
zeno/internal/slots/utils.go:197.10,199.5 1 0
zeno/internal/slots/utils.go:201.3,201.13 1 1
zeno/internal/slots/utils.go:208.2,208.105 1 1
zeno/internal/slots/utils.go:208.105,214.35 5 1
zeno/internal/slots/utils.go:214.35,216.24 2 1
zeno/internal/slots/utils.go:216.24,218.5 1 1
zeno/internal/slots/utils.go:219.4,219.27 1 1
zeno/internal/slots/utils.go:219.27,221.5 1 1
zeno/internal/slots/utils.go:222.4,222.25 1 1
zeno/internal/slots/utils.go:222.25,224.5 1 0
zeno/internal/slots/utils.go:225.4,225.22 1 1
zeno/internal/slots/utils.go:225.22,227.5 1 1
zeno/internal/slots/utils.go:230.3,232.13 3 1
zeno/internal/slots/utils.go:245.2,245.103 1 1
zeno/internal/slots/utils.go:245.103,248.35 3 1
zeno/internal/slots/utils.go:248.35,249.22 1 1
zeno/internal/slots/utils.go:249.22,252.5 1 1
zeno/internal/slots/utils.go:253.4,253.43 1 1
zeno/internal/slots/utils.go:253.43,255.5 1 0
zeno/internal/slots/utils.go:257.3,258.13 2 1
zeno/internal/slots/utils.go:270.2,270.104 1 1
zeno/internal/slots/utils.go:270.104,274.35 4 0
zeno/internal/slots/utils.go:274.35,275.44 1 0
zeno/internal/slots/utils.go:275.44,277.5 1 0
zeno/internal/slots/utils.go:278.4,278.22 1 0
zeno/internal/slots/utils.go:278.22,281.5 1 0
zeno/internal/slots/utils.go:283.3,284.13 2 0
zeno/internal/slots/utils.go:296.2,296.98 1 1
zeno/internal/slots/utils.go:296.98,299.17 3 0
zeno/internal/slots/utils.go:299.17,301.4 1 0
zeno/internal/slots/utils.go:302.3,302.39 1 0
zeno/internal/slots/utils.go:305.2,305.101 1 1
zeno/internal/slots/utils.go:305.101,310.35 4 1
zeno/internal/slots/utils.go:310.35,311.22 1 1
zeno/internal/slots/utils.go:311.22,313.5 1 1
zeno/internal/slots/utils.go:316.3,317.13 2 1
zeno/internal/slots/utils.go:321.2,321.102 1 1
zeno/internal/slots/utils.go:321.102,323.10 2 0
zeno/internal/slots/utils.go:323.10,325.4 1 0
zeno/internal/slots/utils.go:328.3,329.26 2 0
zeno/internal/slots/utils.go:329.26,331.4 1 0
zeno/internal/slots/utils.go:333.3,334.35 2 0
zeno/internal/slots/utils.go:334.35,335.22 1 0
zeno/internal/slots/utils.go:335.22,337.5 1 0
zeno/internal/slots/utils.go:340.3,341.13 2 0
zeno/internal/slots/utils.go:348.2,348.104 1 1
zeno/internal/slots/utils.go:348.104,350.10 2 0
zeno/internal/slots/utils.go:350.10,352.4 1 0
zeno/internal/slots/utils.go:354.3,357.24 3 0
zeno/internal/slots/utils.go:357.24,359.4 1 0
zeno/internal/slots/utils.go:360.3,360.35 1 0
zeno/internal/slots/utils.go:360.35,361.26 1 0
zeno/internal/slots/utils.go:361.26,363.5 1 0
zeno/internal/slots/utils.go:364.4,364.44 1 0
zeno/internal/slots/utils.go:364.44,366.5 1 0
zeno/internal/slots/utils.go:369.3,371.41 3 0
zeno/internal/slots/utils.go:383.2,383.104 1 1
zeno/internal/slots/utils.go:383.104,386.18 3 0
zeno/internal/slots/utils.go:386.18,388.4 1 0
zeno/internal/slots/utils.go:390.3,392.13 3 0
zeno/internal/slots/utils.go:396.2,396.93 1 1
zeno/internal/slots/utils.go:396.93,401.66 3 1
zeno/internal/slots/utils.go:401.66,406.4 4 1
zeno/internal/slots/utils.go:408.3,408.41 1 1
zeno/internal/slots/utils.go:408.41,411.108 2 0
zeno/internal/slots/utils.go:411.108,413.5 1 0
zeno/internal/slots/utils.go:413.10,415.5 1 0
zeno/internal/slots/utils.go:417.9,417.48 1 1
zeno/internal/slots/utils.go:417.48,421.4 2 0
zeno/internal/slots/utils.go:421.9,421.48 1 1
zeno/internal/slots/utils.go:421.48,425.34 4 0
zeno/internal/slots/utils.go:425.34,427.5 1 0
zeno/internal/slots/utils.go:428.9,428.48 1 1
zeno/internal/slots/utils.go:428.48,432.34 4 0
zeno/internal/slots/utils.go:432.34,434.5 1 0
zeno/internal/slots/utils.go:435.9,435.47 1 1
zeno/internal/slots/utils.go:435.47,439.34 4 1
zeno/internal/slots/utils.go:439.34,441.5 1 1
zeno/internal/slots/utils.go:442.9,442.47 1 0
zeno/internal/slots/utils.go:442.47,446.34 4 0
zeno/internal/slots/utils.go:446.34,448.5 1 0
zeno/internal/slots/utils.go:449.9,452.48 2 0
zeno/internal/slots/utils.go:452.48,454.5 1 0
zeno/internal/slots/utils.go:454.10,457.5 2 0
zeno/internal/slots/utils.go:461.3,462.13 2 1
zeno/internal/slots/utils.go:462.13,463.36 1 1
zeno/internal/slots/utils.go:463.36,464.25 1 1
zeno/internal/slots/utils.go:464.25,466.11 2 1
zeno/internal/slots/utils.go:469.9,470.36 1 0
zeno/internal/slots/utils.go:470.36,471.25 1 0
zeno/internal/slots/utils.go:471.25,473.11 2 0
zeno/internal/slots/utils.go:478.3,478.20 1 1
zeno/internal/slots/utils.go:478.20,479.38 1 1
zeno/internal/slots/utils.go:479.38,480.54 1 1
zeno/internal/slots/utils.go:480.54,482.6 1 0
zeno/internal/slots/utils.go:485.3,485.13 1 1
zeno/internal/slots/utils.go:496.2,496.104 1 1
zeno/internal/slots/utils.go:496.104,500.35 4 1
zeno/internal/slots/utils.go:500.35,501.22 1 1
zeno/internal/slots/utils.go:501.22,504.5 1 1
zeno/internal/slots/utils.go:506.3,507.13 2 1
zeno/internal/slots/utils.go:517.2,517.94 1 1
zeno/internal/slots/utils.go:517.94,521.20 3 1
zeno/internal/slots/utils.go:521.20,523.4 1 0
zeno/internal/slots/utils.go:525.3,527.35 3 1
zeno/internal/slots/utils.go:527.35,528.44 1 1
zeno/internal/slots/utils.go:528.44,530.5 1 1
zeno/internal/slots/utils.go:531.4,531.24 1 1
zeno/internal/slots/utils.go:531.24,533.5 1 0
zeno/internal/slots/utils.go:537.3,537.50 1 1
zeno/internal/slots/utils.go:537.50,538.57 1 0
zeno/internal/slots/utils.go:538.57,539.79 1 0
zeno/internal/slots/utils.go:539.79,541.6 1 0
zeno/internal/slots/utils.go:545.3,546.13 2 1
zeno/internal/slots/utils.go:558.2,558.97 1 1
zeno/internal/slots/utils.go:558.97,562.20 3 0
zeno/internal/slots/utils.go:562.20,564.4 1 0
zeno/internal/slots/utils.go:566.3,567.10 2 0
zeno/internal/slots/utils.go:567.10,569.4 1 0
zeno/internal/slots/utils.go:571.3,572.35 2 0
zeno/internal/slots/utils.go:572.35,573.24 1 0
zeno/internal/slots/utils.go:573.24,575.5 1 0
zeno/internal/slots/utils.go:578.3,578.50 1 0
zeno/internal/slots/utils.go:578.50,579.57 1 0
zeno/internal/slots/utils.go:579.57,580.82 1 0
zeno/internal/slots/utils.go:580.82,582.6 1 0
zeno/internal/slots/utils.go:585.3,585.13 1 0
zeno/internal/slots/utils.go:594.2,594.96 1 1
zeno/internal/slots/utils.go:594.96,598.3 3 0
zeno/internal/slots/utils.go:607.2,607.99 1 1
zeno/internal/slots/utils.go:607.99,612.24 3 1
zeno/internal/slots/utils.go:612.24,614.4 1 0
zeno/internal/slots/utils.go:616.3,616.35 1 1
zeno/internal/slots/utils.go:616.35,617.44 1 1
zeno/internal/slots/utils.go:617.44,619.5 1 0
zeno/internal/slots/utils.go:621.4,621.46 1 1
zeno/internal/slots/utils.go:621.46,623.5 1 1
zeno/internal/slots/utils.go:624.4,624.22 1 1
zeno/internal/slots/utils.go:624.22,626.5 1 1
zeno/internal/slots/utils.go:629.3,632.94 2 1
zeno/internal/slots/utils.go:632.94,634.4 1 1
zeno/internal/slots/utils.go:636.3,637.13 2 1
zeno/internal/slots/utils.go:646.2,646.98 1 1
zeno/internal/slots/utils.go:646.98,650.35 3 0
zeno/internal/slots/utils.go:650.35,651.44 1 0
zeno/internal/slots/utils.go:651.44,653.5 1 0
zeno/internal/slots/utils.go:654.4,654.22 1 0
zeno/internal/slots/utils.go:654.22,656.5 1 0
zeno/internal/slots/utils.go:659.3,660.13 2 0
zeno/internal/slots/utils.go:666.2,666.102 1 1
zeno/internal/slots/utils.go:666.102,670.35 3 1
zeno/internal/slots/utils.go:670.35,671.44 1 1
zeno/internal/slots/utils.go:671.44,673.5 1 0
zeno/internal/slots/utils.go:674.4,674.22 1 1
zeno/internal/slots/utils.go:674.22,676.5 1 1
zeno/internal/slots/utils.go:679.3,680.17 2 1
zeno/internal/slots/utils.go:680.17,683.4 1 0
zeno/internal/slots/utils.go:684.3,685.13 2 1
zeno/internal/slots/validator.go:15.77,18.93 1 1
zeno/internal/slots/validator.go:18.93,24.24 4 1
zeno/internal/slots/validator.go:24.24,26.49 2 1
zeno/internal/slots/validator.go:26.49,28.5 1 1
zeno/internal/slots/validator.go:32.3,34.35 2 1
zeno/internal/slots/validator.go:34.35,37.45 2 1
zeno/internal/slots/validator.go:37.45,38.50 1 0
zeno/internal/slots/validator.go:38.50,40.6 1 0
zeno/internal/slots/validator.go:41.5,41.13 1 0
zeno/internal/slots/validator.go:43.4,43.25 1 1
zeno/internal/slots/validator.go:43.25,44.50 1 1
zeno/internal/slots/validator.go:44.50,46.6 1 1
zeno/internal/slots/validator.go:47.5,47.13 1 1
zeno/internal/slots/validator.go:49.4,49.22 1 1
zeno/internal/slots/validator.go:49.22,51.13 2 1
zeno/internal/slots/validator.go:55.4,55.30 1 1
zeno/internal/slots/validator.go:59.3,59.23 1 1
zeno/internal/slots/validator.go:59.23,61.4 1 0
zeno/internal/slots/validator.go:63.3,63.23 1 1
zeno/internal/slots/validator.go:63.23,65.4 1 0
zeno/internal/slots/validator.go:67.3,73.37 5 1
zeno/internal/slots/validator.go:73.37,80.32 5 1
zeno/internal/slots/validator.go:80.32,82.24 1 1
zeno/internal/slots/validator.go:82.24,83.33 1 1
zeno/internal/slots/validator.go:83.33,85.12 2 1
zeno/internal/slots/validator.go:90.5,90.21 1 1
zeno/internal/slots/validator.go:90.21,91.14 1 0
zeno/internal/slots/validator.go:95.5,95.21 1 1
zeno/internal/slots/validator.go:95.21,96.41 1 1
zeno/internal/slots/validator.go:96.41,98.12 2 1
zeno/internal/slots/validator.go:103.5,103.23 1 1
zeno/internal/slots/validator.go:103.23,104.62 1 1
zeno/internal/slots/validator.go:104.62,106.12 2 0
zeno/internal/slots/validator.go:111.5,111.37 1 1
zeno/internal/slots/validator.go:111.37,116.64 3 1
zeno/internal/slots/validator.go:116.64,117.23 1 1
zeno/internal/slots/validator.go:117.23,119.13 2 1
zeno/internal/slots/validator.go:121.12,122.40 1 1
zeno/internal/slots/validator.go:122.40,124.13 2 1
zeno/internal/slots/validator.go:130.5,130.37 1 1
zeno/internal/slots/validator.go:130.37,134.64 3 1
zeno/internal/slots/validator.go:134.64,135.23 1 1
zeno/internal/slots/validator.go:135.23,137.13 2 1
zeno/internal/slots/validator.go:139.12,140.40 1 1
zeno/internal/slots/validator.go:140.40,142.13 2 1
zeno/internal/slots/validator.go:148.5,148.25 1 1
zeno/internal/slots/validator.go:148.25,151.54 3 0
zeno/internal/slots/validator.go:151.54,153.12 2 0
zeno/internal/slots/validator.go:158.5,158.25 1 1
zeno/internal/slots/validator.go:158.25,159.44 1 0
zeno/internal/slots/validator.go:159.44,161.12 2 0
zeno/internal/slots/validator.go:166.5,166.19 1 1
zeno/internal/slots/validator.go:166.19,167.39 1 0
zeno/internal/slots/validator.go:167.39,169.12 2 0
zeno/internal/slots/validator.go:174.5,174.20 1 1
zeno/internal/slots/validator.go:174.20,176.64 1 0
zeno/internal/slots/validator.go:176.64,178.12 2 0
zeno/internal/slots/validator.go:183.5,183.36 1 1
zeno/internal/slots/validator.go:183.36,187.34 4 0
zeno/internal/slots/validator.go:187.34,188.43 1 0
zeno/internal/slots/validator.go:188.43,190.13 2 0
zeno/internal/slots/validator.go:193.6,193.16 1 0
zeno/internal/slots/validator.go:193.16,195.12 2 0
zeno/internal/slots/validator.go:200.5,200.40 1 1
zeno/internal/slots/validator.go:200.40,201.22 1 0
zeno/internal/slots/validator.go:201.22,203.15 1 0
zeno/internal/slots/validator.go:205.6,207.25 3 0
zeno/internal/slots/validator.go:207.25,213.82 3 0
zeno/internal/slots/validator.go:213.82,214.16 1 0
zeno/internal/slots/validator.go:218.7,219.20 2 0
zeno/internal/slots/validator.go:219.20,226.27 4 0
zeno/internal/slots/validator.go:226.27,229.49 3 0
zeno/internal/slots/validator.go:229.49,232.10 2 0
zeno/internal/slots/validator.go:235.8,236.35 2 0
zeno/internal/slots/validator.go:236.35,238.14 2 0
zeno/internal/slots/validator.go:245.5,245.40 1 1
zeno/internal/slots/validator.go:245.40,246.22 1 0
zeno/internal/slots/validator.go:246.22,247.15 1 0
zeno/internal/slots/validator.go:249.6,251.25 3 0
zeno/internal/slots/validator.go:251.25,255.82 3 0
zeno/internal/slots/validator.go:255.82,256.16 1 0
zeno/internal/slots/validator.go:259.7,260.20 2 0
zeno/internal/slots/validator.go:260.20,264.36 4 0
zeno/internal/slots/validator.go:264.36,266.14 2 0
zeno/internal/slots/validator.go:275.3,275.22 1 1
zeno/internal/slots/validator.go:275.22,278.4 2 1
zeno/internal/slots/validator.go:278.9,285.36 4 1
zeno/internal/slots/validator.go:285.36,286.28 1 1
zeno/internal/slots/validator.go:286.28,288.6 1 1
zeno/internal/slots/validator.go:291.4,291.24 1 1
zeno/internal/slots/validator.go:291.24,293.30 2 1
zeno/internal/slots/validator.go:293.30,294.41 1 1
zeno/internal/slots/validator.go:294.41,296.7 1 1
zeno/internal/slots/validator.go:298.5,298.36 1 1
zeno/internal/slots/validator.go:302.3,302.13 1 1
zeno/internal/slots/validator.go:305.2,315.49 3 1
