=== RUN   TestVMArithmetic
--- PASS: TestVMArithmetic (0.00s)
=== RUN   TestVMCompilerVariables
--- PASS: TestVMCompilerVariables (0.00s)
=== RUN   TestVMComplexSlot
--- PASS: TestVMComplexSlot (0.00s)
=== RUN   TestVMControlFlow
    vm_test.go:171: Expected 'yes', got <nil>
    vm_test.go:183: Expected 'no', got <nil>
--- FAIL: TestVMControlFlow (0.00s)
=== RUN   TestVMSerialization
--- PASS: TestVMSerialization (0.00s)
=== RUN   TestVMInternalFunctions
--- PASS: TestVMInternalFunctions (0.00s)
=== RUN   TestVMDisassembler
== TestChunk ==
0000 OpConstant          0 '10'
0002 OpSetLocal          0
0004 OpPop           
0005 OpGetLocal          0
0007 OpConstant          1 '10'
0009 OpEqual         
0010 OpReturn        
--- PASS: TestVMDisassembler (0.00s)
=== RUN   TestVMIteration
== IterationTest ==
0000 OpConstant          0 '0'
0002 OpSetLocal          0
0004 OpPop           
0005 OpConstant          1 '10 20 30'
0007 OpMakeList          1
0009 OpReturn        
--- PASS: TestVMIteration (0.00s)
=== RUN   TestVMIterationItem
    vm_test.go:412: Expected sum to be 60, got 0
== IterationItemTest ==
0000 OpConstant          0 '0'
0002 OpSetLocal          0
0004 OpPop           
0005 OpConstant          1 '10 20 30'
0007 OpMakeList          1
0009 OpReturn        
--- FAIL: TestVMIterationItem (0.00s)
=== RUN   TestVMPOSStress
== POSStressTest ==
0000 OpConstant          0 'user@example.com'
0002 OpSetLocal          0
0004 OpPop           
0005 OpConstant          1 'secret'
0007 OpSetLocal          1
0009 OpPop           
0010 OpConstant          2 'body'
0012 OpConstant          3 'email'
0014 OpConstant          4 'user@example.com'
0016 OpConstant          5 'password'
0018 OpConstant          6 'secret'
0020 OpMakeMap           2
0022 OpMakeMap           1
0024 OpSetLocal          2
0026 OpPop           
0027 OpFalse         
0028 OpSetLocal          3
0030 OpPop           
0031 OpGetLocal          2
0033 OpAccessProperty    7 'body'
0035 OpAccessProperty    8 'email'
0037 OpGetLocal          0
0039 OpEqual         
0040 OpGetLocal          2
0042 OpAccessProperty    9 'body'
0044 OpAccessProperty   10 'password'
0046 OpGetLocal          1
0048 OpEqual         
0049 OpLogicalAnd    
0050 OpConstant         11 'admin'
0052 OpConstant         12 'pos'
0054 OpConstant         13 'staff'
0056 OpMakeList          3
0058 OpSetLocal          4
0060 OpPop           
0061 OpGetLocal          4
0063 OpAccessProperty   14 '0'
0065 OpSetLocal          5
0067 OpPop           
0068 OpFalse         
0069 OpSetLocal          6
0071 OpPop           
0072 OpGetLocal          0
0074 OpConstant         15 ''
0076 OpEqual         
0077 OpLogicalNot    
0078 OpFalse         
0079 OpSetLocal          7
0081 OpPop           
0082 OpTrue          
0083 OpReturn        
    vm_test.go:482: Expected valid to be true, got false. Email: user@example.com, Request: map[body:map[email:user@example.com password:secret]]
    vm_test.go:488: Expected is_not_empty to be true, got false
    vm_test.go:491: Expected stopped to be true, got false
--- FAIL: TestVMPOSStress (0.00s)
=== RUN   TestVMStringConcat
--- PASS: TestVMStringConcat (0.00s)
=== RUN   TestVMTryCatch
DEBUG: Caught error: can only call functions, got 0
DEBUG: Caught error: slot not found: nonExistentSlot
    vm_test.go:557: Expected error message to contain 'slot not found', got 
--- FAIL: TestVMTryCatch (0.00s)
FAIL
FAIL	command-line-arguments	0.006s
FAIL
